<?xml version="1.0" encoding="UTF-8"?>
<coverage generated="1532860522711" clover="3.2.0">
  <project timestamp="1532860522711" name="All files">
    <metrics statements="248" coveredstatements="181" conditionals="80" coveredconditionals="49" methods="101" coveredmethods="72" elements="429" coveredelements="302" complexity="0" loc="248" ncloc="248" packages="12" files="27" classes="27">
      <package name="src">
        <metrics statements="36" coveredstatements="0" conditionals="21" coveredconditionals="0" methods="15" coveredmethods="0"/>
        <file name="index.js" path="/home/mariam/pomodoro/src/index.js">
          <metrics statements="5" coveredstatements="0" conditionals="0" coveredconditionals="0" methods="0" coveredmethods="0"/>
          <line num="1" count="0" type="stmt"/>
          <line num="2" count="0" type="stmt"/>
          <line num="3" count="0" type="stmt"/>
          <line num="5" count="0" type="stmt"/>
          <line num="7" count="0" type="stmt"/>
        </file>
        <file name="registerServiceWorker.js" path="/home/mariam/pomodoro/src/registerServiceWorker.js">
          <metrics statements="31" coveredstatements="0" conditionals="21" coveredconditionals="0" methods="15" coveredmethods="0"/>
          <line num="11" count="0" type="stmt"/>
          <line num="22" count="0" type="cond" truecount="0" falsecount="4"/>
          <line num="24" count="0" type="stmt"/>
          <line num="25" count="0" type="cond" truecount="0" falsecount="2"/>
          <line num="29" count="0" type="stmt"/>
          <line num="32" count="0" type="stmt"/>
          <line num="33" count="0" type="stmt"/>
          <line num="35" count="0" type="cond" truecount="0" falsecount="2"/>
          <line num="37" count="0" type="stmt"/>
          <line num="41" count="0" type="stmt"/>
          <line num="42" count="0" type="stmt"/>
          <line num="49" count="0" type="stmt"/>
          <line num="56" count="0" type="stmt"/>
          <line num="59" count="0" type="stmt"/>
          <line num="60" count="0" type="stmt"/>
          <line num="61" count="0" type="stmt"/>
          <line num="62" count="0" type="cond" truecount="0" falsecount="2"/>
          <line num="63" count="0" type="cond" truecount="0" falsecount="2"/>
          <line num="68" count="0" type="stmt"/>
          <line num="73" count="0" type="stmt"/>
          <line num="80" count="0" type="stmt"/>
          <line num="86" count="0" type="stmt"/>
          <line num="89" count="0" type="cond" truecount="0" falsecount="2"/>
          <line num="94" count="0" type="stmt"/>
          <line num="95" count="0" type="stmt"/>
          <line num="96" count="0" type="stmt"/>
          <line num="101" count="0" type="stmt"/>
          <line num="105" count="0" type="stmt"/>
          <line num="112" count="0" type="cond" truecount="0" falsecount="2"/>
          <line num="113" count="0" type="stmt"/>
          <line num="114" count="0" type="stmt"/>
        </file>
      </package>
      <package name="src.components.atoms.Card">
        <metrics statements="21" coveredstatements="19" conditionals="14" coveredconditionals="14" methods="9" coveredmethods="8"/>
        <file name="Card.fixture.js" path="/home/mariam/pomodoro/src/components/atoms/Card/Card.fixture.js">
          <metrics statements="2" coveredstatements="0" conditionals="0" coveredconditionals="0" methods="1" coveredmethods="0"/>
          <line num="1" count="0" type="stmt"/>
          <line num="15" count="0" type="stmt"/>
        </file>
        <file name="Card.jsx" path="/home/mariam/pomodoro/src/components/atoms/Card/Card.jsx">
          <metrics statements="19" coveredstatements="19" conditionals="14" coveredconditionals="14" methods="8" coveredmethods="8"/>
          <line num="7" count="6" type="stmt"/>
          <line num="8" count="2" type="stmt"/>
          <line num="9" count="2" type="stmt"/>
          <line num="10" count="2" type="stmt"/>
          <line num="16" count="1" type="stmt"/>
          <line num="26" count="6" type="stmt"/>
          <line num="27" count="2" type="stmt"/>
          <line num="39" count="2" type="stmt"/>
          <line num="40" count="2" type="cond" truecount="2" falsecount="0"/>
          <line num="41" count="1" type="stmt"/>
          <line num="42" count="1" type="stmt"/>
          <line num="44" count="1" type="stmt"/>
          <line num="45" count="1" type="stmt"/>
          <line num="50" count="9" type="stmt"/>
          <line num="51" count="9" type="stmt"/>
          <line num="53" count="9" type="stmt"/>
          <line num="68" count="1" type="stmt"/>
          <line num="78" count="1" type="stmt"/>
          <line num="96" count="2" type="stmt"/>
        </file>
        <file name="index.js" path="/home/mariam/pomodoro/src/components/atoms/Card/index.js">
          <metrics statements="0" coveredstatements="0" conditionals="0" coveredconditionals="0" methods="0" coveredmethods="0"/>
        </file>
      </package>
      <package name="src.components.layout">
        <metrics statements="2" coveredstatements="2" conditionals="0" coveredconditionals="0" methods="1" coveredmethods="1"/>
        <file name="Header.jsx" path="/home/mariam/pomodoro/src/components/layout/Header.jsx">
          <metrics statements="2" coveredstatements="2" conditionals="0" coveredconditionals="0" methods="1" coveredmethods="1"/>
          <line num="7" count="1" type="stmt"/>
          <line num="8" count="1" type="stmt"/>
        </file>
      </package>
      <package name="src.components.layout.App">
        <metrics statements="6" coveredstatements="3" conditionals="2" coveredconditionals="1" methods="5" coveredmethods="3"/>
        <file name="App.fixture.js" path="/home/mariam/pomodoro/src/components/layout/App/App.fixture.js">
          <metrics statements="3" coveredstatements="0" conditionals="0" coveredconditionals="0" methods="2" coveredmethods="0"/>
          <line num="1" count="0" type="stmt"/>
          <line num="12" count="0" type="stmt"/>
          <line num="15" count="0" type="stmt"/>
        </file>
        <file name="App.js" path="/home/mariam/pomodoro/src/components/layout/App/App.js">
          <metrics statements="3" coveredstatements="3" conditionals="2" coveredconditionals="1" methods="3" coveredmethods="3"/>
          <line num="13" count="1" type="stmt"/>
          <line num="18" count="1" type="stmt"/>
          <line num="21" count="1" type="cond" truecount="1" falsecount="1"/>
        </file>
      </package>
      <package name="src.components.layout.__fixtures__">
        <metrics statements="1" coveredstatements="0" conditionals="0" coveredconditionals="0" methods="0" coveredmethods="0"/>
        <file name="Header.ficture.js" path="/home/mariam/pomodoro/src/components/layout/__fixtures__/Header.ficture.js">
          <metrics statements="1" coveredstatements="0" conditionals="0" coveredconditionals="0" methods="0" coveredmethods="0"/>
          <line num="1" count="0" type="stmt"/>
        </file>
      </package>
      <package name="src.components.screens.Charts">
        <metrics statements="18" coveredstatements="18" conditionals="2" coveredconditionals="1" methods="6" coveredmethods="6"/>
        <file name="BarChart.jsx" path="/home/mariam/pomodoro/src/components/screens/Charts/BarChart.jsx">
          <metrics statements="17" coveredstatements="17" conditionals="2" coveredconditionals="1" methods="5" coveredmethods="5"/>
          <line num="5" count="3" type="stmt"/>
          <line num="6" count="3" type="stmt"/>
          <line num="7" count="3" type="stmt"/>
          <line num="8" count="3" type="stmt"/>
          <line num="9" count="3" type="stmt"/>
          <line num="10" count="3" type="stmt"/>
          <line num="11" count="3" type="stmt"/>
          <line num="12" count="3" type="stmt"/>
          <line num="14" count="3" type="stmt"/>
          <line num="66" count="2" type="stmt"/>
          <line num="67" count="2" type="stmt"/>
          <line num="68" count="16" type="stmt"/>
          <line num="69" count="16" type="stmt"/>
          <line num="70" count="16" type="stmt"/>
          <line num="71" count="2" type="stmt"/>
          <line num="73" count="2" type="cond" truecount="1" falsecount="1"/>
          <line num="77" count="4" type="stmt"/>
        </file>
        <file name="Charts.jsx" path="/home/mariam/pomodoro/src/components/screens/Charts/Charts.jsx">
          <metrics statements="1" coveredstatements="1" conditionals="0" coveredconditionals="0" methods="1" coveredmethods="1"/>
          <line num="6" count="1" type="stmt"/>
        </file>
        <file name="index.js" path="/home/mariam/pomodoro/src/components/screens/Charts/index.js">
          <metrics statements="0" coveredstatements="0" conditionals="0" coveredconditionals="0" methods="0" coveredmethods="0"/>
        </file>
      </package>
      <package name="src.components.screens.Focus">
        <metrics statements="19" coveredstatements="9" conditionals="6" coveredconditionals="1" methods="13" coveredmethods="6"/>
        <file name="Clock.jsx" path="/home/mariam/pomodoro/src/components/screens/Focus/Clock.jsx">
          <metrics statements="4" coveredstatements="3" conditionals="4" coveredconditionals="1" methods="3" coveredmethods="2"/>
          <line num="7" count="3" type="stmt"/>
          <line num="8" count="3" type="stmt"/>
          <line num="11" count="3" type="stmt"/>
          <line num="15" count="0" type="cond" truecount="0" falsecount="2"/>
        </file>
        <file name="Focus.fixture.js" path="/home/mariam/pomodoro/src/components/screens/Focus/Focus.fixture.js">
          <metrics statements="6" coveredstatements="0" conditionals="0" coveredconditionals="0" methods="3" coveredmethods="0"/>
          <line num="1" count="0" type="stmt"/>
          <line num="2" count="0" type="stmt"/>
          <line num="3" count="0" type="stmt"/>
          <line num="7" count="0" type="stmt"/>
          <line num="41" count="0" type="stmt"/>
          <line num="44" count="0" type="stmt"/>
        </file>
        <file name="Focus.jsx" path="/home/mariam/pomodoro/src/components/screens/Focus/Focus.jsx">
          <metrics statements="2" coveredstatements="2" conditionals="0" coveredconditionals="0" methods="1" coveredmethods="1"/>
          <line num="5" count="2" type="stmt"/>
          <line num="6" count="1" type="stmt"/>
        </file>
        <file name="QueueContainer.jsx" path="/home/mariam/pomodoro/src/components/screens/Focus/QueueContainer.jsx">
          <metrics statements="7" coveredstatements="4" conditionals="2" coveredconditionals="0" methods="6" coveredmethods="3"/>
          <line num="6" count="3" type="stmt"/>
          <line num="7" count="2" type="stmt"/>
          <line num="11" count="2" type="stmt"/>
          <line num="13" count="0" type="cond" truecount="0" falsecount="2"/>
          <line num="19" count="3" type="stmt"/>
          <line num="21" count="0" type="stmt"/>
          <line num="23" count="0" type="stmt"/>
        </file>
        <file name="index.js" path="/home/mariam/pomodoro/src/components/screens/Focus/index.js">
          <metrics statements="0" coveredstatements="0" conditionals="0" coveredconditionals="0" methods="0" coveredmethods="0"/>
        </file>
      </package>
      <package name="src.components.screens.Tasks">
        <metrics statements="27" coveredstatements="25" conditionals="5" coveredconditionals="5" methods="12" coveredmethods="10"/>
        <file name="Modal.jsx" path="/home/mariam/pomodoro/src/components/screens/Tasks/Modal.jsx">
          <metrics statements="20" coveredstatements="20" conditionals="5" coveredconditionals="5" methods="6" coveredmethods="6"/>
          <line num="7" count="3" type="stmt"/>
          <line num="8" count="3" type="stmt"/>
          <line num="12" count="2" type="stmt"/>
          <line num="13" count="2" type="stmt"/>
          <line num="14" count="2" type="stmt"/>
          <line num="18" count="2" type="cond" truecount="2" falsecount="0"/>
          <line num="23" count="1" type="stmt"/>
          <line num="24" count="1" type="stmt"/>
          <line num="27" count="1" type="stmt"/>
          <line num="28" count="1" type="stmt"/>
          <line num="29" count="1" type="stmt"/>
          <line num="31" count="1" type="stmt"/>
          <line num="32" count="1" type="stmt"/>
          <line num="36" count="1" type="stmt"/>
          <line num="37" count="1" type="stmt"/>
          <line num="38" count="1" type="stmt"/>
          <line num="39" count="1" type="stmt"/>
          <line num="44" count="9" type="stmt"/>
          <line num="45" count="9" type="stmt"/>
          <line num="46" count="9" type="stmt"/>
        </file>
        <file name="Tasks.jsx" path="/home/mariam/pomodoro/src/components/screens/Tasks/Tasks.jsx">
          <metrics statements="7" coveredstatements="5" conditionals="0" coveredconditionals="0" methods="6" coveredmethods="4"/>
          <line num="13" count="3" type="stmt"/>
          <line num="14" count="3" type="stmt"/>
          <line num="17" count="4" type="stmt"/>
          <line num="22" count="0" type="stmt"/>
          <line num="28" count="0" type="stmt"/>
          <line num="39" count="2" type="stmt"/>
          <line num="54" count="1" type="stmt"/>
        </file>
        <file name="index.js" path="/home/mariam/pomodoro/src/components/screens/Tasks/index.js">
          <metrics statements="0" coveredstatements="0" conditionals="0" coveredconditionals="0" methods="0" coveredmethods="0"/>
        </file>
      </package>
      <package name="src.logic.GeneralState">
        <metrics statements="61" coveredstatements="53" conditionals="22" coveredconditionals="19" methods="13" coveredmethods="13"/>
        <file name="GeneralState.js" path="/home/mariam/pomodoro/src/logic/GeneralState/GeneralState.js">
          <metrics statements="61" coveredstatements="53" conditionals="22" coveredconditionals="19" methods="13" coveredmethods="13"/>
          <line num="5" count="45" type="stmt"/>
          <line num="6" count="45" type="stmt"/>
          <line num="10" count="90" type="cond" truecount="2" falsecount="0"/>
          <line num="16" count="13" type="stmt"/>
          <line num="17" count="13" type="stmt"/>
          <line num="18" count="13" type="stmt"/>
          <line num="22" count="17" type="stmt"/>
          <line num="23" count="13" type="stmt"/>
          <line num="24" count="13" type="stmt"/>
          <line num="26" count="13" type="cond" truecount="2" falsecount="0"/>
          <line num="27" count="1" type="stmt"/>
          <line num="29" count="13" type="stmt"/>
          <line num="33" count="7" type="stmt"/>
          <line num="34" count="7" type="stmt"/>
          <line num="35" count="7" type="cond" truecount="2" falsecount="0"/>
          <line num="36" count="6" type="stmt"/>
          <line num="37" count="6" type="stmt"/>
          <line num="38" count="6" type="stmt"/>
          <line num="43" count="3" type="stmt"/>
          <line num="44" count="3" type="cond" truecount="1" falsecount="1"/>
          <line num="48" count="2" type="stmt"/>
          <line num="49" count="2" type="cond" truecount="1" falsecount="1"/>
          <line num="53" count="4" type="stmt"/>
          <line num="55" count="4" type="cond" truecount="2" falsecount="0"/>
          <line num="56" count="3" type="stmt"/>
          <line num="57" count="3" type="stmt"/>
          <line num="58" count="3" type="stmt"/>
          <line num="63" count="4" type="cond" truecount="4" falsecount="0"/>
          <line num="64" count="2" type="stmt"/>
          <line num="65" count="2" type="stmt"/>
          <line num="66" count="2" type="stmt"/>
          <line num="67" count="2" type="stmt"/>
          <line num="68" count="2" type="stmt"/>
          <line num="70" count="2" type="stmt"/>
          <line num="74" count="10" type="stmt"/>
          <line num="75" count="8" type="cond" truecount="4" falsecount="0"/>
          <line num="76" count="3" type="stmt"/>
          <line num="77" count="3" type="stmt"/>
          <line num="79" count="8" type="stmt"/>
          <line num="80" count="8" type="stmt"/>
          <line num="81" count="8" type="cond" truecount="1" falsecount="1"/>
          <line num="82" count="0" type="stmt"/>
          <line num="83" count="0" type="stmt"/>
          <line num="84" count="0" type="stmt"/>
          <line num="85" count="0" type="stmt"/>
          <line num="86" count="0" type="stmt"/>
          <line num="87" count="0" type="stmt"/>
          <line num="88" count="0" type="stmt"/>
          <line num="90" count="0" type="stmt"/>
          <line num="95" count="2" type="stmt"/>
          <line num="96" count="2" type="stmt"/>
          <line num="97" count="2" type="stmt"/>
          <line num="98" count="2" type="stmt"/>
          <line num="100" count="2" type="stmt"/>
          <line num="104" count="3" type="stmt"/>
          <line num="105" count="1" type="stmt"/>
          <line num="106" count="1" type="stmt"/>
          <line num="107" count="1" type="stmt"/>
          <line num="109" count="1" type="stmt"/>
          <line num="113" count="3" type="stmt"/>
          <line num="114" count="3" type="stmt"/>
        </file>
        <file name="index.js" path="/home/mariam/pomodoro/src/logic/GeneralState/index.js">
          <metrics statements="0" coveredstatements="0" conditionals="0" coveredconditionals="0" methods="0" coveredmethods="0"/>
        </file>
      </package>
      <package name="src.logic.TasksContext">
        <metrics statements="33" coveredstatements="33" conditionals="4" coveredconditionals="4" methods="17" coveredmethods="17"/>
        <file name="TasksContext.jsx" path="/home/mariam/pomodoro/src/logic/TasksContext/TasksContext.jsx">
          <metrics statements="33" coveredstatements="33" conditionals="4" coveredconditionals="4" methods="17" coveredmethods="17"/>
          <line num="4" count="5" type="stmt"/>
          <line num="8" count="11" type="stmt"/>
          <line num="9" count="7" type="cond" truecount="2" falsecount="0"/>
          <line num="13" count="15" type="stmt"/>
          <line num="14" count="11" type="stmt"/>
          <line num="20" count="1" type="stmt"/>
          <line num="21" count="1" type="stmt"/>
          <line num="31" count="1" type="stmt"/>
          <line num="36" count="1" type="stmt"/>
          <line num="40" count="1" type="stmt"/>
          <line num="42" count="1" type="stmt"/>
          <line num="43" count="1" type="stmt"/>
          <line num="44" count="1" type="stmt"/>
          <line num="45" count="1" type="stmt"/>
          <line num="48" count="1" type="stmt"/>
          <line num="49" count="1" type="stmt"/>
          <line num="53" count="1" type="stmt"/>
          <line num="54" count="1" type="cond" truecount="2" falsecount="0"/>
          <line num="56" count="2" type="stmt"/>
          <line num="59" count="1" type="stmt"/>
          <line num="60" count="1" type="stmt"/>
          <line num="61" count="1" type="stmt"/>
          <line num="66" count="1" type="stmt"/>
          <line num="67" count="1" type="stmt"/>
          <line num="71" count="1" type="stmt"/>
          <line num="72" count="1" type="stmt"/>
          <line num="73" count="1" type="stmt"/>
          <line num="74" count="1" type="stmt"/>
          <line num="76" count="1" type="stmt"/>
          <line num="77" count="1" type="stmt"/>
          <line num="81" count="1" type="stmt"/>
          <line num="82" count="1" type="stmt"/>
          <line num="97" count="23" type="stmt"/>
        </file>
        <file name="index.js" path="/home/mariam/pomodoro/src/logic/TasksContext/index.js">
          <metrics statements="0" coveredstatements="0" conditionals="0" coveredconditionals="0" methods="0" coveredmethods="0"/>
        </file>
      </package>
      <package name="src.logic.TimerContext">
        <metrics statements="19" coveredstatements="19" conditionals="4" coveredconditionals="4" methods="8" coveredmethods="8"/>
        <file name="TimerContext.jsx" path="/home/mariam/pomodoro/src/logic/TimerContext/TimerContext.jsx">
          <metrics statements="19" coveredstatements="19" conditionals="4" coveredconditionals="4" methods="8" coveredmethods="8"/>
          <line num="4" count="4" type="stmt"/>
          <line num="5" count="4" type="stmt"/>
          <line num="11" count="3" type="stmt"/>
          <line num="12" count="3" type="cond" truecount="2" falsecount="0"/>
          <line num="13" count="2" type="stmt"/>
          <line num="14" count="2" type="cond" truecount="2" falsecount="0"/>
          <line num="15" count="1" type="stmt"/>
          <line num="18" count="1" type="stmt"/>
          <line num="20" count="1" type="stmt"/>
          <line num="26" count="2" type="stmt"/>
          <line num="30" count="2" type="stmt"/>
          <line num="31" count="2" type="stmt"/>
          <line num="35" count="1" type="stmt"/>
          <line num="36" count="1" type="stmt"/>
          <line num="40" count="1" type="stmt"/>
          <line num="41" count="1" type="stmt"/>
          <line num="47" count="1" type="stmt"/>
          <line num="48" count="1" type="stmt"/>
          <line num="61" count="14" type="stmt"/>
        </file>
        <file name="index.js" path="/home/mariam/pomodoro/src/logic/TimerContext/index.js">
          <metrics statements="0" coveredstatements="0" conditionals="0" coveredconditionals="0" methods="0" coveredmethods="0"/>
        </file>
      </package>
      <package name="src.logic.__fixtures__">
        <metrics statements="5" coveredstatements="0" conditionals="0" coveredconditionals="0" methods="2" coveredmethods="0"/>
        <file name="TimerContext.fixtures.js" path="/home/mariam/pomodoro/src/logic/__fixtures__/TimerContext.fixtures.js">
          <metrics statements="5" coveredstatements="0" conditionals="0" coveredconditionals="0" methods="2" coveredmethods="0"/>
          <line num="1" count="0" type="stmt"/>
          <line num="2" count="0" type="stmt"/>
          <line num="3" count="0" type="stmt"/>
          <line num="11" count="0" type="stmt"/>
          <line num="14" count="0" type="stmt"/>
        </file>
      </package>
    </metrics>
  </project>
</coverage>
