{"/home/mariam/pomodoro/src/index.js": {"path":"/home/mariam/pomodoro/src/index.js","statementMap":{"0":{"start":{"line":1,"column":0},"end":{"line":null,"column":-1}},"1":{"start":{"line":2,"column":0},"end":{"line":null,"column":-1}},"2":{"start":{"line":3,"column":0},"end":{"line":null,"column":-1}},"3":{"start":{"line":5,"column":0},"end":{"line":null,"column":-1}},"4":{"start":{"line":7,"column":0},"end":{"line":null,"column":-1}}},"fnMap":{},"branchMap":{},"s":{"0":0,"1":0,"2":0,"3":0,"4":0},"f":{},"b":{}}
,"/home/mariam/pomodoro/src/registerServiceWorker.js": {"path":"/home/mariam/pomodoro/src/registerServiceWorker.js","statementMap":{"0":{"start":{"line":11,"column":20},"end":{"line":11,"column":0}},"1":{"start":{"line":22,"column":2},"end":{"line":52,"column":3}},"2":{"start":{"line":24,"column":22},"end":{"line":24,"column":4}},"3":{"start":{"line":25,"column":4},"end":{"line":30,"column":5}},"4":{"start":{"line":29,"column":6},"end":{"line":null,"column":-1}},"5":{"start":{"line":32,"column":4},"end":{"line":null,"column":-1}},"6":{"start":{"line":33,"column":21},"end":{"line":33,"column":6}},"7":{"start":{"line":35,"column":6},"end":{"line":50,"column":7}},"8":{"start":{"line":37,"column":8},"end":{"line":null,"column":-1}},"9":{"start":{"line":41,"column":8},"end":{"line":null,"column":-1}},"10":{"start":{"line":42,"column":10},"end":{"line":null,"column":-1}},"11":{"start":{"line":49,"column":8},"end":{"line":null,"column":-1}},"12":{"start":{"line":56,"column":2},"end":{"line":null,"column":-1}},"13":{"start":{"line":59,"column":6},"end":{"line":null,"column":-1}},"14":{"start":{"line":60,"column":33},"end":{"line":60,"column":8}},"15":{"start":{"line":61,"column":8},"end":{"line":null,"column":-1}},"16":{"start":{"line":62,"column":10},"end":{"line":75,"column":11}},"17":{"start":{"line":63,"column":12},"end":{"line":74,"column":13}},"18":{"start":{"line":68,"column":14},"end":{"line":null,"column":-1}},"19":{"start":{"line":73,"column":14},"end":{"line":null,"column":-1}},"20":{"start":{"line":80,"column":6},"end":{"line":null,"column":-1}},"21":{"start":{"line":86,"column":2},"end":{"line":null,"column":-1}},"22":{"start":{"line":89,"column":6},"end":{"line":102,"column":7}},"23":{"start":{"line":94,"column":8},"end":{"line":null,"column":-1}},"24":{"start":{"line":95,"column":10},"end":{"line":null,"column":-1}},"25":{"start":{"line":96,"column":12},"end":{"line":null,"column":-1}},"26":{"start":{"line":101,"column":8},"end":{"line":null,"column":-1}},"27":{"start":{"line":105,"column":6},"end":{"line":null,"column":-1}},"28":{"start":{"line":112,"column":2},"end":{"line":116,"column":3}},"29":{"start":{"line":113,"column":4},"end":{"line":null,"column":-1}},"30":{"start":{"line":114,"column":6},"end":{"line":null,"column":-1}}},"fnMap":{"0":{"name":"register","decl":{"start":{"line":21,"column":24},"end":{"line":21,"column":15}},"loc":{"start":{"line":21,"column":35},"end":{"line":53,"column":1}}},"1":{"name":"(anonymous_1)","decl":{"start":{"line":32,"column":36},"end":{"line":32,"column":41}},"loc":{"start":{"line":32,"column":42},"end":{"line":32,"column":4}}},"2":{"name":"(anonymous_2)","decl":{"start":{"line":41,"column":43},"end":{"line":41,"column":48}},"loc":{"start":{"line":41,"column":49},"end":{"line":41,"column":8}}},"3":{"name":"registerValidSW","decl":{"start":{"line":55,"column":9},"end":{"line":55,"column":0}},"loc":{"start":{"line":55,"column":32},"end":{"line":82,"column":1}}},"4":{"name":"(anonymous_4)","decl":{"start":{"line":58,"column":10},"end":{"line":58,"column":25}},"loc":{"start":{"line":58,"column":26},"end":{"line":56,"column":2}}},"5":{"name":"(anonymous_5)","decl":{"start":{"line":59,"column":35},"end":{"line":59,"column":40}},"loc":{"start":{"line":59,"column":41},"end":{"line":59,"column":6}}},"6":{"name":"(anonymous_6)","decl":{"start":{"line":61,"column":41},"end":{"line":61,"column":46}},"loc":{"start":{"line":61,"column":47},"end":{"line":61,"column":8}}},"7":{"name":"(anonymous_7)","decl":{"start":{"line":79,"column":11},"end":{"line":79,"column":19}},"loc":{"start":{"line":79,"column":20},"end":{"line":56,"column":2}}},"8":{"name":"checkValidServiceWorker","decl":{"start":{"line":84,"column":9},"end":{"line":84,"column":0}},"loc":{"start":{"line":84,"column":40},"end":{"line":109,"column":1}}},"9":{"name":"(anonymous_9)","decl":{"start":{"line":87,"column":10},"end":{"line":87,"column":21}},"loc":{"start":{"line":87,"column":22},"end":{"line":86,"column":2}}},"10":{"name":"(anonymous_10)","decl":{"start":{"line":94,"column":43},"end":{"line":94,"column":58}},"loc":{"start":{"line":94,"column":59},"end":{"line":94,"column":8}}},"11":{"name":"(anonymous_11)","decl":{"start":{"line":95,"column":41},"end":{"line":95,"column":46}},"loc":{"start":{"line":95,"column":47},"end":{"line":95,"column":10}}},"12":{"name":"(anonymous_12)","decl":{"start":{"line":104,"column":11},"end":{"line":104,"column":16}},"loc":{"start":{"line":104,"column":17},"end":{"line":86,"column":2}}},"13":{"name":"unregister","decl":{"start":{"line":111,"column":16},"end":{"line":111,"column":7}},"loc":{"start":{"line":111,"column":29},"end":{"line":117,"column":1}}},"14":{"name":"(anonymous_14)","decl":{"start":{"line":113,"column":39},"end":{"line":113,"column":54}},"loc":{"start":{"line":113,"column":55},"end":{"line":113,"column":4}}}},"branchMap":{"0":{"loc":{"start":{"line":12,"column":2},"end":{"line":12,"column":1}},"type":"binary-expr","locations":[{"start":{"line":12,"column":2},"end":{"line":12,"column":1}},{"start":{"line":14,"column":4},"end":{"line":12,"column":2}},{"start":{"line":16,"column":4},"end":{"line":11,"column":20}}]},"1":{"loc":{"start":{"line":22,"column":2},"end":{"line":52,"column":3}},"type":"if","locations":[{"start":{"line":22,"column":2},"end":{"line":52,"column":3}},{"start":{"line":22,"column":2},"end":{"line":52,"column":3}}]},"2":{"loc":{"start":{"line":22,"column":6},"end":{"line":22,"column":5}},"type":"binary-expr","locations":[{"start":{"line":22,"column":6},"end":{"line":22,"column":5}},{"start":{"line":22,"column":47},"end":{"line":22,"column":2}}]},"3":{"loc":{"start":{"line":25,"column":4},"end":{"line":30,"column":5}},"type":"if","locations":[{"start":{"line":25,"column":4},"end":{"line":30,"column":5}},{"start":{"line":25,"column":4},"end":{"line":30,"column":5}}]},"4":{"loc":{"start":{"line":35,"column":6},"end":{"line":50,"column":7}},"type":"if","locations":[{"start":{"line":35,"column":6},"end":{"line":50,"column":7}},{"start":{"line":35,"column":6},"end":{"line":50,"column":7}}]},"5":{"loc":{"start":{"line":62,"column":10},"end":{"line":75,"column":11}},"type":"if","locations":[{"start":{"line":62,"column":10},"end":{"line":75,"column":11}},{"start":{"line":62,"column":10},"end":{"line":75,"column":11}}]},"6":{"loc":{"start":{"line":63,"column":12},"end":{"line":74,"column":13}},"type":"if","locations":[{"start":{"line":63,"column":12},"end":{"line":74,"column":13}},{"start":{"line":63,"column":12},"end":{"line":74,"column":13}}]},"7":{"loc":{"start":{"line":89,"column":6},"end":{"line":102,"column":7}},"type":"if","locations":[{"start":{"line":89,"column":6},"end":{"line":102,"column":7}},{"start":{"line":89,"column":6},"end":{"line":102,"column":7}}]},"8":{"loc":{"start":{"line":90,"column":8},"end":{"line":90,"column":7}},"type":"binary-expr","locations":[{"start":{"line":90,"column":8},"end":{"line":90,"column":7}},{"start":{"line":91,"column":8},"end":{"line":89,"column":6}}]},"9":{"loc":{"start":{"line":112,"column":2},"end":{"line":116,"column":3}},"type":"if","locations":[{"start":{"line":112,"column":2},"end":{"line":116,"column":3}},{"start":{"line":112,"column":2},"end":{"line":116,"column":3}}]}},"s":{"0":0,"1":0,"2":0,"3":0,"4":0,"5":0,"6":0,"7":0,"8":0,"9":0,"10":0,"11":0,"12":0,"13":0,"14":0,"15":0,"16":0,"17":0,"18":0,"19":0,"20":0,"21":0,"22":0,"23":0,"24":0,"25":0,"26":0,"27":0,"28":0,"29":0,"30":0},"f":{"0":0,"1":0,"2":0,"3":0,"4":0,"5":0,"6":0,"7":0,"8":0,"9":0,"10":0,"11":0,"12":0,"13":0,"14":0},"b":{"0":[0,0,0],"1":[0,0],"2":[0,0],"3":[0,0],"4":[0,0],"5":[0,0],"6":[0,0],"7":[0,0],"8":[0,0],"9":[0,0]}}
,"/home/mariam/pomodoro/src/components/atoms/Card/Card.fixture.js": {"path":"/home/mariam/pomodoro/src/components/atoms/Card/Card.fixture.js","statementMap":{"0":{"start":{"line":1,"column":0},"end":{"line":null,"column":-1}},"1":{"start":{"line":15,"column":6},"end":{"line":null,"column":-1}}},"fnMap":{"0":{"name":"(anonymous_0)","decl":{"start":{"line":14,"column":13},"end":{"line":14,"column":23}},"loc":{"start":{"line":14,"column":24},"end":{"line":16,"column":5}}}},"branchMap":{},"s":{"0":0,"1":0},"f":{"0":0},"b":{}}
,"/home/mariam/pomodoro/src/components/atoms/Card/Card.jsx": {"path":"/home/mariam/pomodoro/src/components/atoms/Card/Card.jsx","statementMap":{"0":{"start":{"line":7,"column":25},"end":{"line":24,"column":1}},"1":{"start":{"line":8,"column":29},"end":{"line":8,"column":34}},"2":{"start":{"line":9,"column":29},"end":{"line":9,"column":33}},"3":{"start":{"line":10,"column":2},"end":{"line":23,"column":4}},"4":{"start":{"line":16,"column":53},"end":{"line":16,"column":69}},"5":{"start":{"line":26,"column":16},"end":{"line":35,"column":1}},"6":{"start":{"line":27,"column":2},"end":{"line":34,"column":8}},"7":{"start":{"line":39,"column":16},"end":{"line":39,"column":48}},"8":{"start":{"line":40,"column":4},"end":{"line":46,"column":5}},"9":{"start":{"line":41,"column":6},"end":{"line":41,"column":62}},"10":{"start":{"line":42,"column":6},"end":{"line":42,"column":35}},"11":{"start":{"line":44,"column":6},"end":{"line":44,"column":70}},"12":{"start":{"line":45,"column":6},"end":{"line":45,"column":60}},"13":{"start":{"line":50,"column":38},"end":{"line":50,"column":48}},"14":{"start":{"line":51,"column":72},"end":{"line":51,"column":76}},"15":{"start":{"line":53,"column":4},"end":{"line":100,"column":6}},"16":{"start":{"line":68,"column":33},"end":{"line":68,"column":46}},"17":{"start":{"line":78,"column":61},"end":{"line":78,"column":75}},"18":{"start":{"line":96,"column":35},"end":{"line":96,"column":72}}},"fnMap":{"0":{"name":"(anonymous_0)","decl":{"start":{"line":7,"column":25},"end":{"line":7,"column":26}},"loc":{"start":{"line":7,"column":34},"end":{"line":24,"column":1}},"line":7},"1":{"name":"(anonymous_1)","decl":{"start":{"line":16,"column":47},"end":{"line":16,"column":48}},"loc":{"start":{"line":16,"column":53},"end":{"line":16,"column":69}},"line":16},"2":{"name":"(anonymous_2)","decl":{"start":{"line":26,"column":16},"end":{"line":26,"column":17}},"loc":{"start":{"line":27,"column":2},"end":{"line":34,"column":8}},"line":27},"3":{"name":"(anonymous_3)","decl":{"start":{"line":38,"column":16},"end":{"line":38,"column":17}},"loc":{"start":{"line":38,"column":22},"end":{"line":47,"column":3}},"line":38},"4":{"name":"(anonymous_4)","decl":{"start":{"line":49,"column":2},"end":{"line":49,"column":3}},"loc":{"start":{"line":49,"column":11},"end":{"line":101,"column":3}},"line":49},"5":{"name":"(anonymous_5)","decl":{"start":{"line":68,"column":27},"end":{"line":68,"column":28}},"loc":{"start":{"line":68,"column":33},"end":{"line":68,"column":46}},"line":68},"6":{"name":"(anonymous_6)","decl":{"start":{"line":78,"column":55},"end":{"line":78,"column":56}},"loc":{"start":{"line":78,"column":61},"end":{"line":78,"column":75}},"line":78},"7":{"name":"(anonymous_7)","decl":{"start":{"line":96,"column":27},"end":{"line":96,"column":28}},"loc":{"start":{"line":96,"column":35},"end":{"line":96,"column":72}},"line":96}},"branchMap":{"0":{"loc":{"start":{"line":19,"column":10},"end":{"line":19,"column":47}},"type":"cond-expr","locations":[{"start":{"line":19,"column":29},"end":{"line":19,"column":36}},{"start":{"line":19,"column":39},"end":{"line":19,"column":47}}],"line":19},"1":{"loc":{"start":{"line":31,"column":8},"end":{"line":31,"column":56}},"type":"cond-expr","locations":[{"start":{"line":31,"column":38},"end":{"line":31,"column":45}},{"start":{"line":31,"column":48},"end":{"line":31,"column":56}}],"line":31},"2":{"loc":{"start":{"line":40,"column":4},"end":{"line":46,"column":5}},"type":"if","locations":[{"start":{"line":40,"column":4},"end":{"line":46,"column":5}},{"start":{"line":40,"column":4},"end":{"line":46,"column":5}}],"line":40},"3":{"loc":{"start":{"line":58,"column":15},"end":{"line":70,"column":15}},"type":"cond-expr","locations":[{"start":{"line":59,"column":16},"end":{"line":64,"column":18}},{"start":{"line":66,"column":16},"end":{"line":69,"column":18}}],"line":58},"4":{"loc":{"start":{"line":81,"column":17},"end":{"line":89,"column":17}},"type":"cond-expr","locations":[{"start":{"line":82,"column":18},"end":{"line":86,"column":27}},{"start":{"line":88,"column":18},"end":{"line":88,"column":20}}],"line":81},"5":{"loc":{"start":{"line":81,"column":17},"end":{"line":81,"column":48}},"type":"binary-expr","locations":[{"start":{"line":81,"column":17},"end":{"line":81,"column":25}},{"start":{"line":81,"column":29},"end":{"line":81,"column":48}}],"line":81},"6":{"loc":{"start":{"line":95,"column":11},"end":{"line":97,"column":16}},"type":"cond-expr","locations":[{"start":{"line":96,"column":14},"end":{"line":96,"column":73}},{"start":{"line":97,"column":14},"end":{"line":97,"column":16}}],"line":95}},"s":{"0":6,"1":2,"2":2,"3":2,"4":1,"5":6,"6":2,"7":2,"8":2,"9":1,"10":1,"11":1,"12":1,"13":9,"14":9,"15":9,"16":1,"17":1,"18":2},"f":{"0":2,"1":1,"2":2,"3":2,"4":9,"5":1,"6":1,"7":2},"b":{"0":[1,1],"1":[1,1],"2":[1,1],"3":[2,7],"4":[1,8],"5":[9,9],"6":[1,8]},"_coverageSchema":"332fd63041d2c1bcb487cc26dd0d5f7d97098a6c","hash":"738ee7f84be2860e96ea1328f69a339e82959efb"}
,"/home/mariam/pomodoro/src/components/atoms/Card/index.js": {"path":"/home/mariam/pomodoro/src/components/atoms/Card/index.js","statementMap":{},"fnMap":{},"branchMap":{},"s":{},"f":{},"b":{},"_coverageSchema":"332fd63041d2c1bcb487cc26dd0d5f7d97098a6c","hash":"62b2e77825c122611011653b2572e7617d026d10"}
,"/home/mariam/pomodoro/src/components/layout/Header.jsx": {"path":"/home/mariam/pomodoro/src/components/layout/Header.jsx","statementMap":{"0":{"start":{"line":7,"column":15},"end":{"line":24,"column":1}},"1":{"start":{"line":8,"column":2},"end":{"line":23,"column":8}}},"fnMap":{"0":{"name":"(anonymous_0)","decl":{"start":{"line":7,"column":15},"end":{"line":7,"column":16}},"loc":{"start":{"line":8,"column":2},"end":{"line":23,"column":8}},"line":8}},"branchMap":{},"s":{"0":1,"1":1},"f":{"0":1},"b":{},"_coverageSchema":"332fd63041d2c1bcb487cc26dd0d5f7d97098a6c","hash":"d0dbd790fd78561ebf732c19f788580ab9d0b01d"}
,"/home/mariam/pomodoro/src/components/layout/App/App.fixture.js": {"path":"/home/mariam/pomodoro/src/components/layout/App/App.fixture.js","statementMap":{"0":{"start":{"line":1,"column":0},"end":{"line":null,"column":-1}},"1":{"start":{"line":12,"column":8},"end":{"line":null,"column":-1}},"2":{"start":{"line":15,"column":8},"end":{"line":null,"column":-1}}},"fnMap":{"0":{"name":"(anonymous_1)","decl":{"start":{"line":11,"column":18},"end":{"line":11,"column":28}},"loc":{"start":{"line":11,"column":29},"end":{"line":9,"column":13}}},"1":{"name":"(anonymous_2)","decl":{"start":{"line":14,"column":17},"end":{"line":14,"column":27}},"loc":{"start":{"line":14,"column":28},"end":{"line":9,"column":13}}}},"branchMap":{},"s":{"0":0,"1":0,"2":0},"f":{"0":0,"1":0},"b":{}}
,"/home/mariam/pomodoro/src/components/layout/App/App.js": {"path":"/home/mariam/pomodoro/src/components/layout/App/App.js","statementMap":{"0":{"start":{"line":13,"column":4},"end":{"line":36,"column":6}},"1":{"start":{"line":18,"column":14},"end":{"line":31,"column":29}},"2":{"start":{"line":21,"column":20},"end":{"line":28,"column":26}}},"fnMap":{"0":{"name":"(anonymous_0)","decl":{"start":{"line":12,"column":2},"end":{"line":12,"column":3}},"loc":{"start":{"line":12,"column":11},"end":{"line":37,"column":3}},"line":12},"1":{"name":"(anonymous_1)","decl":{"start":{"line":17,"column":13},"end":{"line":17,"column":14}},"loc":{"start":{"line":18,"column":14},"end":{"line":31,"column":29}},"line":18},"2":{"name":"(anonymous_2)","decl":{"start":{"line":20,"column":19},"end":{"line":20,"column":20}},"loc":{"start":{"line":21,"column":20},"end":{"line":28,"column":26}},"line":21}},"branchMap":{"0":{"loc":{"start":{"line":21,"column":43},"end":{"line":21,"column":69}},"type":"cond-expr","locations":[{"start":{"line":21,"column":60},"end":{"line":21,"column":64}},{"start":{"line":21,"column":67},"end":{"line":21,"column":69}}],"line":21}},"s":{"0":1,"1":1,"2":1},"f":{"0":1,"1":1,"2":1},"b":{"0":[0,1]},"_coverageSchema":"332fd63041d2c1bcb487cc26dd0d5f7d97098a6c","hash":"26db494a276b288a8c56f1d9bbf81231ad5116a4"}
,"/home/mariam/pomodoro/src/components/layout/__fixtures__/Header.ficture.js": {"path":"/home/mariam/pomodoro/src/components/layout/__fixtures__/Header.ficture.js","statementMap":{"0":{"start":{"line":1,"column":0},"end":{"line":null,"column":-1}}},"fnMap":{},"branchMap":{},"s":{"0":0},"f":{},"b":{}}
,"/home/mariam/pomodoro/src/components/screens/Charts/BarChart.jsx": {"path":"/home/mariam/pomodoro/src/components/screens/Charts/BarChart.jsx","statementMap":{"0":{"start":{"line":5,"column":14},"end":{"line":5,"column":26}},"1":{"start":{"line":6,"column":0},"end":{"line":6,"column":22}},"2":{"start":{"line":7,"column":0},"end":{"line":7,"column":22}},"3":{"start":{"line":8,"column":0},"end":{"line":8,"column":23}},"4":{"start":{"line":9,"column":0},"end":{"line":9,"column":25}},"5":{"start":{"line":10,"column":0},"end":{"line":10,"column":24}},"6":{"start":{"line":11,"column":0},"end":{"line":11,"column":22}},"7":{"start":{"line":12,"column":0},"end":{"line":12,"column":24}},"8":{"start":{"line":14,"column":19},"end":{"line":42,"column":1}},"9":{"start":{"line":66,"column":18},"end":{"line":66,"column":51}},"10":{"start":{"line":67,"column":15},"end":{"line":67,"column":30}},"11":{"start":{"line":68,"column":4},"end":{"line":68,"column":58}},"12":{"start":{"line":68,"column":42},"end":{"line":68,"column":56}},"13":{"start":{"line":69,"column":4},"end":{"line":69,"column":61}},"14":{"start":{"line":69,"column":52},"end":{"line":69,"column":59}},"15":{"start":{"line":70,"column":4},"end":{"line":70,"column":60}},"16":{"start":{"line":70,"column":51},"end":{"line":70,"column":58}},"17":{"start":{"line":71,"column":4},"end":{"line":71,"column":28}},"18":{"start":{"line":73,"column":4},"end":{"line":73,"column":57}},"19":{"start":{"line":77,"column":4},"end":{"line":92,"column":6}}},"fnMap":{"0":{"name":"(anonymous_0)","decl":{"start":{"line":65,"column":2},"end":{"line":65,"column":3}},"loc":{"start":{"line":65,"column":28},"end":{"line":74,"column":3}},"line":65},"1":{"name":"(anonymous_1)","decl":{"start":{"line":68,"column":37},"end":{"line":68,"column":38}},"loc":{"start":{"line":68,"column":42},"end":{"line":68,"column":56}},"line":68},"2":{"name":"(anonymous_2)","decl":{"start":{"line":69,"column":47},"end":{"line":69,"column":48}},"loc":{"start":{"line":69,"column":52},"end":{"line":69,"column":59}},"line":69},"3":{"name":"(anonymous_3)","decl":{"start":{"line":70,"column":46},"end":{"line":70,"column":47}},"loc":{"start":{"line":70,"column":51},"end":{"line":70,"column":58}},"line":70},"4":{"name":"(anonymous_4)","decl":{"start":{"line":76,"column":2},"end":{"line":76,"column":3}},"loc":{"start":{"line":76,"column":11},"end":{"line":93,"column":3}},"line":76}},"branchMap":{"0":{"loc":{"start":{"line":73,"column":4},"end":{"line":73,"column":56}},"type":"binary-expr","locations":[{"start":{"line":73,"column":4},"end":{"line":73,"column":25}},{"start":{"line":73,"column":29},"end":{"line":73,"column":56}}],"line":73}},"s":{"0":3,"1":3,"2":3,"3":3,"4":3,"5":3,"6":3,"7":3,"8":3,"9":2,"10":2,"11":2,"12":16,"13":2,"14":16,"15":2,"16":16,"17":2,"18":2,"19":4},"f":{"0":2,"1":16,"2":16,"3":16,"4":4},"b":{"0":[2,0]},"_coverageSchema":"332fd63041d2c1bcb487cc26dd0d5f7d97098a6c","hash":"bacb0f0c7060985e1f768f1656358937dd0f6f51"}
,"/home/mariam/pomodoro/src/components/screens/Charts/Charts.jsx": {"path":"/home/mariam/pomodoro/src/components/screens/Charts/Charts.jsx","statementMap":{"0":{"start":{"line":6,"column":4},"end":{"line":21,"column":6}}},"fnMap":{"0":{"name":"(anonymous_0)","decl":{"start":{"line":5,"column":2},"end":{"line":5,"column":3}},"loc":{"start":{"line":5,"column":11},"end":{"line":22,"column":3}},"line":5}},"branchMap":{},"s":{"0":1},"f":{"0":1},"b":{},"_coverageSchema":"332fd63041d2c1bcb487cc26dd0d5f7d97098a6c","hash":"907ed10bed88f115154bb941bc260af17a7de958"}
,"/home/mariam/pomodoro/src/components/screens/Charts/index.js": {"path":"/home/mariam/pomodoro/src/components/screens/Charts/index.js","statementMap":{},"fnMap":{},"branchMap":{},"s":{},"f":{},"b":{},"_coverageSchema":"332fd63041d2c1bcb487cc26dd0d5f7d97098a6c","hash":"cc21b688a988f388938a9bc29b5430971ff79803"}
,"/home/mariam/pomodoro/src/components/screens/Focus/Clock.jsx": {"path":"/home/mariam/pomodoro/src/components/screens/Focus/Clock.jsx","statementMap":{"0":{"start":{"line":7,"column":14},"end":{"line":26,"column":1}},"1":{"start":{"line":8,"column":2},"end":{"line":25,"column":8}},"2":{"start":{"line":11,"column":8},"end":{"line":22,"column":14}},"3":{"start":{"line":15,"column":28},"end":{"line":15,"column":71}}},"fnMap":{"0":{"name":"(anonymous_0)","decl":{"start":{"line":7,"column":14},"end":{"line":7,"column":15}},"loc":{"start":{"line":8,"column":2},"end":{"line":25,"column":8}},"line":8},"1":{"name":"(anonymous_1)","decl":{"start":{"line":10,"column":7},"end":{"line":10,"column":8}},"loc":{"start":{"line":11,"column":8},"end":{"line":22,"column":14}},"line":11},"2":{"name":"(anonymous_2)","decl":{"start":{"line":15,"column":21},"end":{"line":15,"column":22}},"loc":{"start":{"line":15,"column":28},"end":{"line":15,"column":71}},"line":15}},"branchMap":{"0":{"loc":{"start":{"line":15,"column":28},"end":{"line":15,"column":71}},"type":"cond-expr","locations":[{"start":{"line":15,"column":45},"end":{"line":15,"column":56}},{"start":{"line":15,"column":59},"end":{"line":15,"column":71}}],"line":15},"1":{"loc":{"start":{"line":16,"column":13},"end":{"line":20,"column":13}},"type":"cond-expr","locations":[{"start":{"line":17,"column":14},"end":{"line":17,"column":74}},{"start":{"line":19,"column":14},"end":{"line":19,"column":83}}],"line":16}},"s":{"0":3,"1":3,"2":3,"3":0},"f":{"0":3,"1":3,"2":0},"b":{"0":[0,0],"1":[0,3]},"_coverageSchema":"332fd63041d2c1bcb487cc26dd0d5f7d97098a6c","hash":"02fa312f8f131394ee8243b75fa5fc1a1fcc30f0"}
,"/home/mariam/pomodoro/src/components/screens/Focus/Focus.fixture.js": {"path":"/home/mariam/pomodoro/src/components/screens/Focus/Focus.fixture.js","statementMap":{"0":{"start":{"line":1,"column":0},"end":{"line":null,"column":-1}},"1":{"start":{"line":2,"column":0},"end":{"line":null,"column":-1}},"2":{"start":{"line":3,"column":0},"end":{"line":null,"column":-1}},"3":{"start":{"line":7,"column":4},"end":{"line":null,"column":-1}},"4":{"start":{"line":41,"column":6},"end":{"line":null,"column":-1}},"5":{"start":{"line":44,"column":6},"end":{"line":null,"column":-1}}},"fnMap":{"0":{"name":"provider","decl":{"start":{"line":6,"column":22},"end":{"line":6,"column":13}},"loc":{"start":{"line":6,"column":38},"end":{"line":5,"column":15}}},"1":{"name":"(anonymous_2)","decl":{"start":{"line":40,"column":16},"end":{"line":40,"column":26}},"loc":{"start":{"line":40,"column":27},"end":{"line":38,"column":11}}},"2":{"name":"(anonymous_3)","decl":{"start":{"line":43,"column":15},"end":{"line":43,"column":25}},"loc":{"start":{"line":43,"column":26},"end":{"line":38,"column":11}}}},"branchMap":{},"s":{"0":0,"1":0,"2":0,"3":0,"4":0,"5":0},"f":{"0":0,"1":0,"2":0},"b":{}}
,"/home/mariam/pomodoro/src/components/screens/Focus/Focus.jsx": {"path":"/home/mariam/pomodoro/src/components/screens/Focus/Focus.jsx","statementMap":{"0":{"start":{"line":5,"column":14},"end":{"line":12,"column":1}},"1":{"start":{"line":6,"column":2},"end":{"line":11,"column":8}}},"fnMap":{"0":{"name":"(anonymous_0)","decl":{"start":{"line":5,"column":14},"end":{"line":5,"column":15}},"loc":{"start":{"line":6,"column":2},"end":{"line":11,"column":8}},"line":6}},"branchMap":{},"s":{"0":2,"1":1},"f":{"0":1},"b":{},"_coverageSchema":"332fd63041d2c1bcb487cc26dd0d5f7d97098a6c","hash":"5b780f010a6c9788dea39352f48e410e5680bf5f"}
,"/home/mariam/pomodoro/src/components/screens/Focus/QueueContainer.jsx": {"path":"/home/mariam/pomodoro/src/components/screens/Focus/QueueContainer.jsx","statementMap":{"0":{"start":{"line":6,"column":23},"end":{"line":43,"column":1}},"1":{"start":{"line":7,"column":2},"end":{"line":42,"column":8}},"2":{"start":{"line":11,"column":8},"end":{"line":39,"column":26}},"3":{"start":{"line":13,"column":12},"end":{"line":15,"column":18}},"4":{"start":{"line":19,"column":14},"end":{"line":36,"column":20}},"5":{"start":{"line":21,"column":18},"end":{"line":34,"column":30}},"6":{"start":{"line":23,"column":22},"end":{"line":32,"column":28}}},"fnMap":{"0":{"name":"(anonymous_0)","decl":{"start":{"line":6,"column":23},"end":{"line":6,"column":24}},"loc":{"start":{"line":7,"column":2},"end":{"line":42,"column":8}},"line":7},"1":{"name":"(anonymous_1)","decl":{"start":{"line":10,"column":7},"end":{"line":10,"column":8}},"loc":{"start":{"line":11,"column":8},"end":{"line":39,"column":26}},"line":11},"2":{"name":"(anonymous_2)","decl":{"start":{"line":12,"column":21},"end":{"line":12,"column":22}},"loc":{"start":{"line":13,"column":12},"end":{"line":15,"column":18}},"line":13},"3":{"name":"(anonymous_3)","decl":{"start":{"line":18,"column":13},"end":{"line":18,"column":14}},"loc":{"start":{"line":19,"column":14},"end":{"line":36,"column":20}},"line":19},"4":{"name":"(anonymous_4)","decl":{"start":{"line":20,"column":27},"end":{"line":20,"column":28}},"loc":{"start":{"line":21,"column":18},"end":{"line":34,"column":30}},"line":21},"5":{"name":"(anonymous_5)","decl":{"start":{"line":22,"column":21},"end":{"line":22,"column":22}},"loc":{"start":{"line":23,"column":22},"end":{"line":32,"column":28}},"line":23}},"branchMap":{"0":{"loc":{"start":{"line":13,"column":12},"end":{"line":15,"column":18}},"type":"cond-expr","locations":[{"start":{"line":14,"column":16},"end":{"line":14,"column":71}},{"start":{"line":15,"column":16},"end":{"line":15,"column":18}}],"line":13}},"s":{"0":3,"1":2,"2":2,"3":0,"4":3,"5":0,"6":0},"f":{"0":2,"1":2,"2":0,"3":3,"4":0,"5":0},"b":{"0":[0,0]},"_coverageSchema":"332fd63041d2c1bcb487cc26dd0d5f7d97098a6c","hash":"a01a8d5a42ef904816cde02d4f701cee4925e2be"}
,"/home/mariam/pomodoro/src/components/screens/Focus/index.js": {"path":"/home/mariam/pomodoro/src/components/screens/Focus/index.js","statementMap":{},"fnMap":{},"branchMap":{},"s":{},"f":{},"b":{},"_coverageSchema":"332fd63041d2c1bcb487cc26dd0d5f7d97098a6c","hash":"399ae3f5231edfe05c6b6c31018714cd45f635cf"}
,"/home/mariam/pomodoro/src/components/screens/Tasks/Modal.jsx": {"path":"/home/mariam/pomodoro/src/components/screens/Tasks/Modal.jsx","statementMap":{"0":{"start":{"line":7,"column":4},"end":{"line":7,"column":23}},"1":{"start":{"line":8,"column":4},"end":{"line":8,"column":25}},"2":{"start":{"line":12,"column":4},"end":{"line":12,"column":47}},"3":{"start":{"line":13,"column":4},"end":{"line":13,"column":49}},"4":{"start":{"line":14,"column":4},"end":{"line":14,"column":53}},"5":{"start":{"line":18,"column":4},"end":{"line":25,"column":5}},"6":{"start":{"line":23,"column":6},"end":{"line":23,"column":26}},"7":{"start":{"line":24,"column":6},"end":{"line":24,"column":13}},"8":{"start":{"line":27,"column":15},"end":{"line":27,"column":52}},"9":{"start":{"line":28,"column":15},"end":{"line":28,"column":54}},"10":{"start":{"line":29,"column":17},"end":{"line":29,"column":58}},"11":{"start":{"line":31,"column":4},"end":{"line":31,"column":51}},"12":{"start":{"line":32,"column":4},"end":{"line":32,"column":19}},"13":{"start":{"line":36,"column":12},"end":{"line":36,"column":47}},"14":{"start":{"line":37,"column":4},"end":{"line":37,"column":25}},"15":{"start":{"line":38,"column":4},"end":{"line":40,"column":13}},"16":{"start":{"line":39,"column":6},"end":{"line":39,"column":52}},"17":{"start":{"line":44,"column":23},"end":{"line":44,"column":33}},"18":{"start":{"line":45,"column":33},"end":{"line":45,"column":37}},"19":{"start":{"line":46,"column":4},"end":{"line":80,"column":6}}},"fnMap":{"0":{"name":"(anonymous_0)","decl":{"start":{"line":6,"column":12},"end":{"line":6,"column":13}},"loc":{"start":{"line":6,"column":18},"end":{"line":9,"column":3}},"line":6},"1":{"name":"(anonymous_1)","decl":{"start":{"line":11,"column":2},"end":{"line":11,"column":3}},"loc":{"start":{"line":11,"column":16},"end":{"line":15,"column":3}},"line":11},"2":{"name":"(anonymous_2)","decl":{"start":{"line":17,"column":12},"end":{"line":17,"column":13}},"loc":{"start":{"line":17,"column":18},"end":{"line":33,"column":3}},"line":17},"3":{"name":"(anonymous_3)","decl":{"start":{"line":35,"column":2},"end":{"line":35,"column":3}},"loc":{"start":{"line":35,"column":17},"end":{"line":41,"column":3}},"line":35},"4":{"name":"(anonymous_4)","decl":{"start":{"line":38,"column":15},"end":{"line":38,"column":16}},"loc":{"start":{"line":38,"column":26},"end":{"line":40,"column":5}},"line":38},"5":{"name":"(anonymous_5)","decl":{"start":{"line":43,"column":2},"end":{"line":43,"column":3}},"loc":{"start":{"line":43,"column":11},"end":{"line":81,"column":3}},"line":43}},"branchMap":{"0":{"loc":{"start":{"line":18,"column":4},"end":{"line":25,"column":5}},"type":"if","locations":[{"start":{"line":18,"column":4},"end":{"line":25,"column":5}},{"start":{"line":18,"column":4},"end":{"line":25,"column":5}}],"line":18},"1":{"loc":{"start":{"line":19,"column":6},"end":{"line":21,"column":56}},"type":"binary-expr","locations":[{"start":{"line":19,"column":6},"end":{"line":19,"column":50}},{"start":{"line":20,"column":6},"end":{"line":20,"column":52}},{"start":{"line":21,"column":6},"end":{"line":21,"column":56}}],"line":19}},"s":{"0":3,"1":3,"2":2,"3":2,"4":2,"5":2,"6":1,"7":1,"8":1,"9":1,"10":1,"11":1,"12":1,"13":1,"14":1,"15":1,"16":1,"17":9,"18":9,"19":9},"f":{"0":3,"1":2,"2":2,"3":1,"4":1,"5":9},"b":{"0":[1,1],"1":[2,1,1]},"_coverageSchema":"332fd63041d2c1bcb487cc26dd0d5f7d97098a6c","hash":"2e007e1cbcf4b74be0253e8b557d4c28873b4427"}
,"/home/mariam/pomodoro/src/components/screens/Tasks/Tasks.jsx": {"path":"/home/mariam/pomodoro/src/components/screens/Tasks/Tasks.jsx","statementMap":{"0":{"start":{"line":13,"column":35},"end":{"line":13,"column":45}},"1":{"start":{"line":14,"column":4},"end":{"line":70,"column":6}},"2":{"start":{"line":17,"column":10},"end":{"line":67,"column":12}},"3":{"start":{"line":22,"column":31},"end":{"line":22,"column":75}},"4":{"start":{"line":28,"column":33},"end":{"line":28,"column":76}},"5":{"start":{"line":39,"column":26},"end":{"line":44,"column":28}},"6":{"start":{"line":54,"column":26},"end":{"line":59,"column":28}}},"fnMap":{"0":{"name":"(anonymous_0)","decl":{"start":{"line":12,"column":2},"end":{"line":12,"column":3}},"loc":{"start":{"line":12,"column":11},"end":{"line":71,"column":3}},"line":12},"1":{"name":"(anonymous_1)","decl":{"start":{"line":16,"column":9},"end":{"line":16,"column":10}},"loc":{"start":{"line":16,"column":73},"end":{"line":68,"column":9}},"line":16},"2":{"name":"(anonymous_2)","decl":{"start":{"line":22,"column":25},"end":{"line":22,"column":26}},"loc":{"start":{"line":22,"column":31},"end":{"line":22,"column":75}},"line":22},"3":{"name":"(anonymous_3)","decl":{"start":{"line":28,"column":27},"end":{"line":28,"column":28}},"loc":{"start":{"line":28,"column":33},"end":{"line":28,"column":76}},"line":28},"4":{"name":"(anonymous_4)","decl":{"start":{"line":38,"column":35},"end":{"line":38,"column":36}},"loc":{"start":{"line":39,"column":26},"end":{"line":44,"column":28}},"line":39},"5":{"name":"(anonymous_5)","decl":{"start":{"line":53,"column":34},"end":{"line":53,"column":35}},"loc":{"start":{"line":54,"column":26},"end":{"line":59,"column":28}},"line":54}},"branchMap":{},"s":{"0":3,"1":3,"2":4,"3":0,"4":0,"5":2,"6":1},"f":{"0":3,"1":4,"2":0,"3":0,"4":2,"5":1},"b":{},"_coverageSchema":"332fd63041d2c1bcb487cc26dd0d5f7d97098a6c","hash":"3f43f41bbe69e3e74407e507ea60180d9c151c0d"}
,"/home/mariam/pomodoro/src/components/screens/Tasks/index.js": {"path":"/home/mariam/pomodoro/src/components/screens/Tasks/index.js","statementMap":{},"fnMap":{},"branchMap":{},"s":{},"f":{},"b":{},"_coverageSchema":"332fd63041d2c1bcb487cc26dd0d5f7d97098a6c","hash":"0c02e9f1650b15d8789f317c9e332088038a39c9"}
,"/home/mariam/pomodoro/src/logic/GeneralState/GeneralState.js": {"path":"/home/mariam/pomodoro/src/logic/GeneralState/GeneralState.js","statementMap":{"0":{"start":{"line":5,"column":2},"end":{"line":5,"column":51}},"1":{"start":{"line":6,"column":2},"end":{"line":6,"column":15}},"2":{"start":{"line":10,"column":2},"end":{"line":12,"column":9}},"3":{"start":{"line":16,"column":14},"end":{"line":16,"column":29}},"4":{"start":{"line":17,"column":14},"end":{"line":17,"column":35}},"5":{"start":{"line":18,"column":2},"end":{"line":18,"column":15}},"6":{"start":{"line":22,"column":14},"end":{"line":22,"column":32}},"7":{"start":{"line":23,"column":13},"end":{"line":23,"column":30}},"8":{"start":{"line":24,"column":14},"end":{"line":24,"column":32}},"9":{"start":{"line":26,"column":2},"end":{"line":28,"column":3}},"10":{"start":{"line":27,"column":4},"end":{"line":27,"column":77}},"11":{"start":{"line":29,"column":2},"end":{"line":29,"column":32}},"12":{"start":{"line":33,"column":14},"end":{"line":33,"column":29}},"13":{"start":{"line":34,"column":14},"end":{"line":34,"column":40}},"14":{"start":{"line":35,"column":2},"end":{"line":39,"column":3}},"15":{"start":{"line":36,"column":4},"end":{"line":36,"column":27}},"16":{"start":{"line":37,"column":4},"end":{"line":37,"column":27}},"17":{"start":{"line":38,"column":4},"end":{"line":38,"column":17}},"18":{"start":{"line":43,"column":14},"end":{"line":43,"column":29}},"19":{"start":{"line":44,"column":2},"end":{"line":44,"column":69}},"20":{"start":{"line":48,"column":14},"end":{"line":48,"column":29}},"21":{"start":{"line":49,"column":2},"end":{"line":49,"column":69}},"22":{"start":{"line":53,"column":14},"end":{"line":53,"column":40}},"23":{"start":{"line":55,"column":2},"end":{"line":59,"column":3}},"24":{"start":{"line":56,"column":4},"end":{"line":56,"column":28}},"25":{"start":{"line":57,"column":4},"end":{"line":57,"column":33}},"26":{"start":{"line":58,"column":4},"end":{"line":58,"column":27}},"27":{"start":{"line":63,"column":2},"end":{"line":69,"column":3}},"28":{"start":{"line":64,"column":17},"end":{"line":64,"column":27}},"29":{"start":{"line":65,"column":22},"end":{"line":65,"column":50}},"30":{"start":{"line":66,"column":4},"end":{"line":66,"column":40}},"31":{"start":{"line":67,"column":4},"end":{"line":67,"column":25}},"32":{"start":{"line":68,"column":4},"end":{"line":68,"column":18}},"33":{"start":{"line":70,"column":2},"end":{"line":70,"column":14}},"34":{"start":{"line":74,"column":13},"end":{"line":74,"column":35}},"35":{"start":{"line":75,"column":2},"end":{"line":78,"column":3}},"36":{"start":{"line":76,"column":4},"end":{"line":76,"column":38}},"37":{"start":{"line":77,"column":4},"end":{"line":77,"column":21}},"38":{"start":{"line":79,"column":14},"end":{"line":79,"column":24}},"39":{"start":{"line":80,"column":12},"end":{"line":80,"column":31}},"40":{"start":{"line":81,"column":2},"end":{"line":91,"column":3}},"41":{"start":{"line":82,"column":15},"end":{"line":82,"column":27}},"42":{"start":{"line":83,"column":4},"end":{"line":89,"column":5}},"43":{"start":{"line":84,"column":6},"end":{"line":84,"column":22}},"44":{"start":{"line":85,"column":6},"end":{"line":85,"column":25}},"45":{"start":{"line":86,"column":6},"end":{"line":86,"column":42}},"46":{"start":{"line":87,"column":6},"end":{"line":87,"column":31}},"47":{"start":{"line":88,"column":6},"end":{"line":88,"column":48}},"48":{"start":{"line":90,"column":4},"end":{"line":90,"column":40}},"49":{"start":{"line":95,"column":2},"end":{"line":95,"column":14}},"50":{"start":{"line":96,"column":13},"end":{"line":96,"column":35}},"51":{"start":{"line":97,"column":14},"end":{"line":97,"column":24}},"52":{"start":{"line":98,"column":2},"end":{"line":98,"column":22}},"53":{"start":{"line":100,"column":2},"end":{"line":100,"column":38}},"54":{"start":{"line":104,"column":2},"end":{"line":104,"column":14}},"55":{"start":{"line":105,"column":13},"end":{"line":105,"column":35}},"56":{"start":{"line":106,"column":15},"end":{"line":106,"column":26}},"57":{"start":{"line":107,"column":2},"end":{"line":107,"column":23}},"58":{"start":{"line":109,"column":2},"end":{"line":109,"column":38}},"59":{"start":{"line":113,"column":2},"end":{"line":113,"column":14}},"60":{"start":{"line":114,"column":2},"end":{"line":114,"column":48}}},"fnMap":{"0":{"name":"set","decl":{"start":{"line":4,"column":15},"end":{"line":4,"column":18}},"loc":{"start":{"line":4,"column":42},"end":{"line":7,"column":1}},"line":4},"1":{"name":"get","decl":{"start":{"line":9,"column":15},"end":{"line":9,"column":18}},"loc":{"start":{"line":9,"column":35},"end":{"line":13,"column":1}},"line":9},"2":{"name":"getIndex","decl":{"start":{"line":15,"column":15},"end":{"line":15,"column":23}},"loc":{"start":{"line":15,"column":36},"end":{"line":19,"column":1}},"line":15},"3":{"name":"getAll","decl":{"start":{"line":21,"column":15},"end":{"line":21,"column":21}},"loc":{"start":{"line":21,"column":32},"end":{"line":30,"column":1}},"line":21},"4":{"name":"removeItem","decl":{"start":{"line":32,"column":15},"end":{"line":32,"column":25}},"loc":{"start":{"line":32,"column":38},"end":{"line":40,"column":1}},"line":32},"5":{"name":"addAtBeginning","decl":{"start":{"line":42,"column":15},"end":{"line":42,"column":29}},"loc":{"start":{"line":42,"column":42},"end":{"line":45,"column":1}},"line":42},"6":{"name":"addAtEnd","decl":{"start":{"line":47,"column":15},"end":{"line":47,"column":23}},"loc":{"start":{"line":47,"column":36},"end":{"line":50,"column":1}},"line":47},"7":{"name":"updateItem","decl":{"start":{"line":52,"column":15},"end":{"line":52,"column":25}},"loc":{"start":{"line":52,"column":44},"end":{"line":60,"column":1}},"line":52},"8":{"name":"reOrder","decl":{"start":{"line":62,"column":15},"end":{"line":62,"column":22}},"loc":{"start":{"line":62,"column":52},"end":{"line":71,"column":1}},"line":62},"9":{"name":"log","decl":{"start":{"line":73,"column":15},"end":{"line":73,"column":18}},"loc":{"start":{"line":73,"column":21},"end":{"line":92,"column":1}},"line":73},"10":{"name":"logTask","decl":{"start":{"line":94,"column":15},"end":{"line":94,"column":22}},"loc":{"start":{"line":94,"column":25},"end":{"line":101,"column":1}},"line":94},"11":{"name":"logCycle","decl":{"start":{"line":103,"column":15},"end":{"line":103,"column":23}},"loc":{"start":{"line":103,"column":26},"end":{"line":110,"column":1}},"line":103},"12":{"name":"getChartData","decl":{"start":{"line":112,"column":15},"end":{"line":112,"column":27}},"loc":{"start":{"line":112,"column":30},"end":{"line":115,"column":1}},"line":112}},"branchMap":{"0":{"loc":{"start":{"line":10,"column":9},"end":{"line":12,"column":8}},"type":"cond-expr","locations":[{"start":{"line":11,"column":6},"end":{"line":11,"column":41}},{"start":{"line":12,"column":6},"end":{"line":12,"column":8}}],"line":10},"1":{"loc":{"start":{"line":26,"column":2},"end":{"line":28,"column":3}},"type":"if","locations":[{"start":{"line":26,"column":2},"end":{"line":28,"column":3}},{"start":{"line":26,"column":2},"end":{"line":28,"column":3}}],"line":26},"2":{"loc":{"start":{"line":35,"column":2},"end":{"line":39,"column":3}},"type":"if","locations":[{"start":{"line":35,"column":2},"end":{"line":39,"column":3}},{"start":{"line":35,"column":2},"end":{"line":39,"column":3}}],"line":35},"3":{"loc":{"start":{"line":44,"column":34},"end":{"line":44,"column":67}},"type":"cond-expr","locations":[{"start":{"line":44,"column":42},"end":{"line":44,"column":58}},{"start":{"line":44,"column":61},"end":{"line":44,"column":67}}],"line":44},"4":{"loc":{"start":{"line":49,"column":34},"end":{"line":49,"column":67}},"type":"cond-expr","locations":[{"start":{"line":49,"column":42},"end":{"line":49,"column":58}},{"start":{"line":49,"column":61},"end":{"line":49,"column":67}}],"line":49},"5":{"loc":{"start":{"line":55,"column":2},"end":{"line":59,"column":3}},"type":"if","locations":[{"start":{"line":55,"column":2},"end":{"line":59,"column":3}},{"start":{"line":55,"column":2},"end":{"line":59,"column":3}}],"line":55},"6":{"loc":{"start":{"line":63,"column":2},"end":{"line":69,"column":3}},"type":"if","locations":[{"start":{"line":63,"column":2},"end":{"line":69,"column":3}},{"start":{"line":63,"column":2},"end":{"line":69,"column":3}}],"line":63},"7":{"loc":{"start":{"line":63,"column":6},"end":{"line":63,"column":48}},"type":"binary-expr","locations":[{"start":{"line":63,"column":6},"end":{"line":63,"column":21}},{"start":{"line":63,"column":25},"end":{"line":63,"column":48}}],"line":63},"8":{"loc":{"start":{"line":75,"column":2},"end":{"line":78,"column":3}},"type":"if","locations":[{"start":{"line":75,"column":2},"end":{"line":78,"column":3}},{"start":{"line":75,"column":2},"end":{"line":78,"column":3}}],"line":75},"9":{"loc":{"start":{"line":75,"column":6},"end":{"line":75,"column":30}},"type":"binary-expr","locations":[{"start":{"line":75,"column":6},"end":{"line":75,"column":10}},{"start":{"line":75,"column":14},"end":{"line":75,"column":30}}],"line":75},"10":{"loc":{"start":{"line":81,"column":2},"end":{"line":91,"column":3}},"type":"if","locations":[{"start":{"line":81,"column":2},"end":{"line":91,"column":3}},{"start":{"line":81,"column":2},"end":{"line":91,"column":3}}],"line":81}},"s":{"0":45,"1":45,"2":90,"3":13,"4":13,"5":13,"6":17,"7":13,"8":13,"9":13,"10":1,"11":13,"12":7,"13":7,"14":7,"15":6,"16":6,"17":6,"18":3,"19":3,"20":2,"21":2,"22":4,"23":4,"24":3,"25":3,"26":3,"27":4,"28":2,"29":2,"30":2,"31":2,"32":2,"33":2,"34":10,"35":8,"36":3,"37":3,"38":8,"39":8,"40":8,"41":0,"42":0,"43":0,"44":0,"45":0,"46":0,"47":0,"48":0,"49":2,"50":2,"51":2,"52":2,"53":2,"54":3,"55":1,"56":1,"57":1,"58":1,"59":3,"60":3},"f":{"0":45,"1":90,"2":13,"3":17,"4":7,"5":3,"6":2,"7":4,"8":4,"9":10,"10":2,"11":3,"12":3},"b":{"0":[68,16],"1":[1,12],"2":[6,1],"3":[3,0],"4":[2,0],"5":[3,1],"6":[2,2],"7":[4,3],"8":[3,5],"9":[8,8],"10":[0,8]},"_coverageSchema":"332fd63041d2c1bcb487cc26dd0d5f7d97098a6c","hash":"65e970745da62a39ebd5526b5f6fc30bd811ebdc"}
,"/home/mariam/pomodoro/src/logic/GeneralState/index.js": {"path":"/home/mariam/pomodoro/src/logic/GeneralState/index.js","statementMap":{},"fnMap":{},"branchMap":{},"s":{},"f":{},"b":{},"_coverageSchema":"332fd63041d2c1bcb487cc26dd0d5f7d97098a6c","hash":"bf458590d4cd1238984cc3996cdf5a28d5be81f5"}
,"/home/mariam/pomodoro/src/logic/TasksContext/TasksContext.jsx": {"path":"/home/mariam/pomodoro/src/logic/TasksContext/TasksContext.jsx","statementMap":{"0":{"start":{"line":4,"column":28},"end":{"line":4,"column":49}},"1":{"start":{"line":8,"column":4},"end":{"line":8,"column":24}},"2":{"start":{"line":9,"column":4},"end":{"line":9,"column":57}},"3":{"start":{"line":13,"column":16},"end":{"line":13,"column":43}},"4":{"start":{"line":14,"column":4},"end":{"line":16,"column":8}},"5":{"start":{"line":14,"column":25},"end":{"line":16,"column":5}},"6":{"start":{"line":20,"column":13},"end":{"line":20,"column":45}},"7":{"start":{"line":21,"column":15},"end":{"line":29,"column":5}},"8":{"start":{"line":31,"column":4},"end":{"line":34,"column":7}},"9":{"start":{"line":36,"column":4},"end":{"line":36,"column":24}},"10":{"start":{"line":40,"column":15},"end":{"line":40,"column":46}},"11":{"start":{"line":42,"column":4},"end":{"line":42,"column":25}},"12":{"start":{"line":43,"column":19},"end":{"line":46,"column":5}},"13":{"start":{"line":44,"column":50},"end":{"line":44,"column":66}},"14":{"start":{"line":45,"column":50},"end":{"line":45,"column":66}},"15":{"start":{"line":48,"column":4},"end":{"line":48,"column":32}},"16":{"start":{"line":49,"column":4},"end":{"line":49,"column":24}},"17":{"start":{"line":53,"column":4},"end":{"line":53,"column":21}},"18":{"start":{"line":54,"column":4},"end":{"line":57,"column":9}},"19":{"start":{"line":56,"column":8},"end":{"line":56,"column":25}},"20":{"start":{"line":59,"column":19},"end":{"line":64,"column":5}},"21":{"start":{"line":60,"column":44},"end":{"line":60,"column":60}},"22":{"start":{"line":61,"column":44},"end":{"line":61,"column":60}},"23":{"start":{"line":66,"column":4},"end":{"line":66,"column":32}},"24":{"start":{"line":67,"column":4},"end":{"line":67,"column":24}},"25":{"start":{"line":71,"column":19},"end":{"line":75,"column":5}},"26":{"start":{"line":72,"column":50},"end":{"line":72,"column":66}},"27":{"start":{"line":73,"column":49},"end":{"line":73,"column":65}},"28":{"start":{"line":74,"column":50},"end":{"line":74,"column":66}},"29":{"start":{"line":76,"column":4},"end":{"line":76,"column":32}},"30":{"start":{"line":77,"column":4},"end":{"line":77,"column":24}},"31":{"start":{"line":81,"column":4},"end":{"line":81,"column":66}},"32":{"start":{"line":82,"column":4},"end":{"line":82,"column":54}},"33":{"start":{"line":97,"column":4},"end":{"line":101,"column":6}}},"fnMap":{"0":{"name":"(anonymous_0)","decl":{"start":{"line":7,"column":2},"end":{"line":7,"column":3}},"loc":{"start":{"line":7,"column":28},"end":{"line":10,"column":3}},"line":7},"1":{"name":"(anonymous_1)","decl":{"start":{"line":12,"column":11},"end":{"line":12,"column":12}},"loc":{"start":{"line":12,"column":23},"end":{"line":17,"column":3}},"line":12},"2":{"name":"(anonymous_2)","decl":{"start":{"line":14,"column":18},"end":{"line":14,"column":19}},"loc":{"start":{"line":14,"column":25},"end":{"line":16,"column":5}},"line":14},"3":{"name":"(anonymous_3)","decl":{"start":{"line":19,"column":12},"end":{"line":19,"column":13}},"loc":{"start":{"line":19,"column":50},"end":{"line":37,"column":3}},"line":19},"4":{"name":"(anonymous_4)","decl":{"start":{"line":39,"column":13},"end":{"line":39,"column":14}},"loc":{"start":{"line":39,"column":25},"end":{"line":50,"column":3}},"line":39},"5":{"name":"(anonymous_5)","decl":{"start":{"line":44,"column":45},"end":{"line":44,"column":46}},"loc":{"start":{"line":44,"column":50},"end":{"line":44,"column":66}},"line":44},"6":{"name":"(anonymous_6)","decl":{"start":{"line":45,"column":45},"end":{"line":45,"column":46}},"loc":{"start":{"line":45,"column":50},"end":{"line":45,"column":66}},"line":45},"7":{"name":"(anonymous_7)","decl":{"start":{"line":52,"column":15},"end":{"line":52,"column":16}},"loc":{"start":{"line":52,"column":29},"end":{"line":68,"column":3}},"line":52},"8":{"name":"(anonymous_8)","decl":{"start":{"line":55,"column":28},"end":{"line":55,"column":29}},"loc":{"start":{"line":55,"column":36},"end":{"line":57,"column":7}},"line":55},"9":{"name":"(anonymous_9)","decl":{"start":{"line":60,"column":39},"end":{"line":60,"column":40}},"loc":{"start":{"line":60,"column":44},"end":{"line":60,"column":60}},"line":60},"10":{"name":"(anonymous_10)","decl":{"start":{"line":61,"column":39},"end":{"line":61,"column":40}},"loc":{"start":{"line":61,"column":44},"end":{"line":61,"column":60}},"line":61},"11":{"name":"(anonymous_11)","decl":{"start":{"line":70,"column":15},"end":{"line":70,"column":16}},"loc":{"start":{"line":70,"column":29},"end":{"line":78,"column":3}},"line":70},"12":{"name":"(anonymous_12)","decl":{"start":{"line":72,"column":45},"end":{"line":72,"column":46}},"loc":{"start":{"line":72,"column":50},"end":{"line":72,"column":66}},"line":72},"13":{"name":"(anonymous_13)","decl":{"start":{"line":73,"column":44},"end":{"line":73,"column":45}},"loc":{"start":{"line":73,"column":49},"end":{"line":73,"column":65}},"line":73},"14":{"name":"(anonymous_14)","decl":{"start":{"line":74,"column":45},"end":{"line":74,"column":46}},"loc":{"start":{"line":74,"column":50},"end":{"line":74,"column":66}},"line":74},"15":{"name":"(anonymous_15)","decl":{"start":{"line":80,"column":12},"end":{"line":80,"column":13}},"loc":{"start":{"line":80,"column":31},"end":{"line":83,"column":3}},"line":80},"16":{"name":"(anonymous_16)","decl":{"start":{"line":96,"column":2},"end":{"line":96,"column":3}},"loc":{"start":{"line":96,"column":11},"end":{"line":102,"column":3}},"line":96}},"branchMap":{"0":{"loc":{"start":{"line":9,"column":4},"end":{"line":9,"column":56}},"type":"binary-expr","locations":[{"start":{"line":9,"column":4},"end":{"line":9,"column":25}},{"start":{"line":9,"column":29},"end":{"line":9,"column":56}}],"line":9},"1":{"loc":{"start":{"line":54,"column":4},"end":{"line":57,"column":8}},"type":"binary-expr","locations":[{"start":{"line":54,"column":4},"end":{"line":54,"column":17}},{"start":{"line":55,"column":6},"end":{"line":57,"column":8}}],"line":54}},"s":{"0":5,"1":11,"2":7,"3":15,"4":11,"5":11,"6":1,"7":1,"8":1,"9":1,"10":1,"11":1,"12":1,"13":1,"14":1,"15":1,"16":1,"17":1,"18":1,"19":2,"20":1,"21":1,"22":1,"23":1,"24":1,"25":1,"26":1,"27":1,"28":1,"29":1,"30":1,"31":1,"32":1,"33":23},"f":{"0":11,"1":15,"2":11,"3":1,"4":1,"5":1,"6":1,"7":1,"8":2,"9":1,"10":1,"11":1,"12":1,"13":1,"14":1,"15":1,"16":23},"b":{"0":[7,5],"1":[1,1]},"_coverageSchema":"332fd63041d2c1bcb487cc26dd0d5f7d97098a6c","hash":"e4bcb88f282f50993ffce3419afb5b6adeb2e958"}
,"/home/mariam/pomodoro/src/logic/TasksContext/index.js": {"path":"/home/mariam/pomodoro/src/logic/TasksContext/index.js","statementMap":{},"fnMap":{},"branchMap":{},"s":{},"f":{},"b":{},"_coverageSchema":"332fd63041d2c1bcb487cc26dd0d5f7d97098a6c","hash":"5c3b7e635e3cc4068cd8ee65bab38cc283a96b97"}
,"/home/mariam/pomodoro/src/logic/TimerContext/TimerContext.jsx": {"path":"/home/mariam/pomodoro/src/logic/TimerContext/TimerContext.jsx","statementMap":{"0":{"start":{"line":4,"column":22},"end":{"line":4,"column":36}},"1":{"start":{"line":5,"column":23},"end":{"line":5,"column":44}},"2":{"start":{"line":11,"column":45},"end":{"line":11,"column":55}},"3":{"start":{"line":12,"column":4},"end":{"line":22,"column":5}},"4":{"start":{"line":13,"column":24},"end":{"line":13,"column":34}},"5":{"start":{"line":14,"column":6},"end":{"line":21,"column":7}},"6":{"start":{"line":15,"column":8},"end":{"line":17,"column":11}},"7":{"start":{"line":18,"column":8},"end":{"line":18,"column":48}},"8":{"start":{"line":20,"column":8},"end":{"line":20,"column":29}},"9":{"start":{"line":26,"column":4},"end":{"line":29,"column":8}},"10":{"start":{"line":26,"column":25},"end":{"line":29,"column":5}},"11":{"start":{"line":30,"column":4},"end":{"line":30,"column":26}},"12":{"start":{"line":31,"column":4},"end":{"line":31,"column":28}},"13":{"start":{"line":35,"column":4},"end":{"line":43,"column":6}},"14":{"start":{"line":36,"column":13},"end":{"line":38,"column":7}},"15":{"start":{"line":40,"column":8},"end":{"line":40,"column":36}},"16":{"start":{"line":41,"column":8},"end":{"line":41,"column":48}},"17":{"start":{"line":47,"column":4},"end":{"line":47,"column":40}},"18":{"start":{"line":48,"column":4},"end":{"line":50,"column":7}},"19":{"start":{"line":61,"column":4},"end":{"line":65,"column":6}}},"fnMap":{"0":{"name":"(anonymous_0)","decl":{"start":{"line":10,"column":9},"end":{"line":10,"column":10}},"loc":{"start":{"line":10,"column":15},"end":{"line":23,"column":3}},"line":10},"1":{"name":"(anonymous_1)","decl":{"start":{"line":25,"column":18},"end":{"line":25,"column":19}},"loc":{"start":{"line":25,"column":24},"end":{"line":32,"column":3}},"line":25},"2":{"name":"(anonymous_2)","decl":{"start":{"line":26,"column":18},"end":{"line":26,"column":19}},"loc":{"start":{"line":26,"column":25},"end":{"line":29,"column":5}},"line":26},"3":{"name":"(anonymous_3)","decl":{"start":{"line":34,"column":15},"end":{"line":34,"column":16}},"loc":{"start":{"line":34,"column":21},"end":{"line":44,"column":3}},"line":34},"4":{"name":"(anonymous_4)","decl":{"start":{"line":36,"column":6},"end":{"line":36,"column":7}},"loc":{"start":{"line":36,"column":13},"end":{"line":38,"column":7}},"line":36},"5":{"name":"(anonymous_5)","decl":{"start":{"line":39,"column":6},"end":{"line":39,"column":7}},"loc":{"start":{"line":39,"column":12},"end":{"line":42,"column":7}},"line":39},"6":{"name":"(anonymous_6)","decl":{"start":{"line":46,"column":14},"end":{"line":46,"column":15}},"loc":{"start":{"line":46,"column":20},"end":{"line":51,"column":3}},"line":46},"7":{"name":"(anonymous_7)","decl":{"start":{"line":60,"column":2},"end":{"line":60,"column":3}},"loc":{"start":{"line":60,"column":11},"end":{"line":66,"column":3}},"line":60}},"branchMap":{"0":{"loc":{"start":{"line":12,"column":4},"end":{"line":22,"column":5}},"type":"if","locations":[{"start":{"line":12,"column":4},"end":{"line":22,"column":5}},{"start":{"line":12,"column":4},"end":{"line":22,"column":5}}],"line":12},"1":{"loc":{"start":{"line":14,"column":6},"end":{"line":21,"column":7}},"type":"if","locations":[{"start":{"line":14,"column":6},"end":{"line":21,"column":7}},{"start":{"line":14,"column":6},"end":{"line":21,"column":7}}],"line":14}},"s":{"0":4,"1":4,"2":3,"3":3,"4":2,"5":2,"6":1,"7":1,"8":1,"9":2,"10":2,"11":2,"12":2,"13":1,"14":1,"15":1,"16":1,"17":1,"18":1,"19":14},"f":{"0":3,"1":2,"2":2,"3":1,"4":1,"5":1,"6":1,"7":14},"b":{"0":[2,1],"1":[1,1]},"_coverageSchema":"332fd63041d2c1bcb487cc26dd0d5f7d97098a6c","hash":"cedc80eb6eea21d98365d42473e0123e2f85f2d2"}
,"/home/mariam/pomodoro/src/logic/TimerContext/index.js": {"path":"/home/mariam/pomodoro/src/logic/TimerContext/index.js","statementMap":{},"fnMap":{},"branchMap":{},"s":{},"f":{},"b":{},"_coverageSchema":"332fd63041d2c1bcb487cc26dd0d5f7d97098a6c","hash":"f2136332d1a13067959e01e7bb7d0e7f86a39f85"}
,"/home/mariam/pomodoro/src/logic/__fixtures__/TimerContext.fixtures.js": {"path":"/home/mariam/pomodoro/src/logic/__fixtures__/TimerContext.fixtures.js","statementMap":{"0":{"start":{"line":1,"column":0},"end":{"line":null,"column":-1}},"1":{"start":{"line":2,"column":0},"end":{"line":null,"column":-1}},"2":{"start":{"line":3,"column":0},"end":{"line":null,"column":-1}},"3":{"start":{"line":11,"column":6},"end":{"line":null,"column":-1}},"4":{"start":{"line":14,"column":6},"end":{"line":null,"column":-1}}},"fnMap":{"0":{"name":"(anonymous_1)","decl":{"start":{"line":10,"column":16},"end":{"line":10,"column":26}},"loc":{"start":{"line":10,"column":27},"end":{"line":8,"column":9}}},"1":{"name":"(anonymous_2)","decl":{"start":{"line":13,"column":15},"end":{"line":13,"column":25}},"loc":{"start":{"line":13,"column":26},"end":{"line":8,"column":9}}}},"branchMap":{},"s":{"0":0,"1":0,"2":0,"3":0,"4":0},"f":{"0":0,"1":0},"b":{}}
}
