TN:
SF:/home/mariam/pomodoro/src/components/atoms/Card/Card.jsx
FN:7,(anonymous_0)
FN:16,(anonymous_1)
FN:26,(anonymous_2)
FN:38,(anonymous_3)
FN:49,(anonymous_4)
FN:68,(anonymous_5)
FN:78,(anonymous_6)
FN:96,(anonymous_7)
FNF:8
FNH:8
FNDA:2,(anonymous_0)
FNDA:1,(anonymous_1)
FNDA:2,(anonymous_2)
FNDA:2,(anonymous_3)
FNDA:9,(anonymous_4)
FNDA:1,(anonymous_5)
FNDA:1,(anonymous_6)
FNDA:2,(anonymous_7)
DA:7,6
DA:8,2
DA:9,2
DA:10,2
DA:16,1
DA:26,6
DA:27,2
DA:39,2
DA:40,2
DA:41,1
DA:42,1
DA:44,1
DA:45,1
DA:50,9
DA:51,9
DA:53,9
DA:68,1
DA:78,1
DA:96,2
LF:19
LH:19
BRDA:19,0,0,1
BRDA:19,0,1,1
BRDA:31,1,0,1
BRDA:31,1,1,1
BRDA:40,2,0,1
BRDA:40,2,1,1
BRDA:58,3,0,2
BRDA:58,3,1,7
BRDA:81,4,0,1
BRDA:81,4,1,8
BRDA:81,5,0,9
BRDA:81,5,1,9
BRDA:95,6,0,1
BRDA:95,6,1,8
BRF:14
BRH:14
end_of_record
TN:
SF:/home/mariam/pomodoro/src/components/atoms/Card/index.js
FNF:0
FNH:0
LF:0
LH:0
BRF:0
BRH:0
end_of_record
TN:
SF:/home/mariam/pomodoro/src/components/layout/Header.jsx
FN:7,(anonymous_0)
FNF:1
FNH:1
FNDA:1,(anonymous_0)
DA:7,1
DA:8,1
LF:2
LH:2
BRF:0
BRH:0
end_of_record
TN:
SF:/home/mariam/pomodoro/src/components/layout/App/App.js
FN:12,(anonymous_0)
FN:17,(anonymous_1)
FN:20,(anonymous_2)
FNF:3
FNH:3
FNDA:1,(anonymous_0)
FNDA:1,(anonymous_1)
FNDA:1,(anonymous_2)
DA:13,1
DA:18,1
DA:21,1
LF:3
LH:3
BRDA:21,0,0,0
BRDA:21,0,1,1
BRF:2
BRH:1
end_of_record
TN:
SF:/home/mariam/pomodoro/src/components/screens/Charts/BarChart.jsx
FN:65,(anonymous_0)
FN:68,(anonymous_1)
FN:69,(anonymous_2)
FN:70,(anonymous_3)
FN:76,(anonymous_4)
FNF:5
FNH:5
FNDA:2,(anonymous_0)
FNDA:16,(anonymous_1)
FNDA:16,(anonymous_2)
FNDA:16,(anonymous_3)
FNDA:4,(anonymous_4)
DA:5,3
DA:6,3
DA:7,3
DA:8,3
DA:9,3
DA:10,3
DA:11,3
DA:12,3
DA:14,3
DA:66,2
DA:67,2
DA:68,16
DA:69,16
DA:70,16
DA:71,2
DA:73,2
DA:77,4
LF:17
LH:17
BRDA:73,0,0,2
BRDA:73,0,1,0
BRF:2
BRH:1
end_of_record
TN:
SF:/home/mariam/pomodoro/src/components/screens/Charts/Charts.jsx
FN:5,(anonymous_0)
FNF:1
FNH:1
FNDA:1,(anonymous_0)
DA:6,1
LF:1
LH:1
BRF:0
BRH:0
end_of_record
TN:
SF:/home/mariam/pomodoro/src/components/screens/Charts/index.js
FNF:0
FNH:0
LF:0
LH:0
BRF:0
BRH:0
end_of_record
TN:
SF:/home/mariam/pomodoro/src/components/screens/Focus/Clock.jsx
FN:7,(anonymous_0)
FN:10,(anonymous_1)
FN:15,(anonymous_2)
FNF:3
FNH:3
FNDA:3,(anonymous_0)
FNDA:4,(anonymous_1)
FNDA:1,(anonymous_2)
DA:7,3
DA:8,3
DA:11,4
DA:15,1
LF:4
LH:4
BRDA:15,0,0,0
BRDA:15,0,1,1
BRDA:16,1,0,1
BRDA:16,1,1,3
BRF:4
BRH:3
end_of_record
TN:
SF:/home/mariam/pomodoro/src/components/screens/Focus/Focus.jsx
FN:5,(anonymous_0)
FNF:1
FNH:1
FNDA:1,(anonymous_0)
DA:5,2
DA:6,1
LF:2
LH:2
BRF:0
BRH:0
end_of_record
TN:
SF:/home/mariam/pomodoro/src/components/screens/Focus/QueueContainer.jsx
FN:6,(anonymous_0)
FN:10,(anonymous_1)
FN:12,(anonymous_2)
FN:18,(anonymous_3)
FN:20,(anonymous_4)
FN:22,(anonymous_5)
FNF:6
FNH:3
FNDA:1,(anonymous_0)
FNDA:1,(anonymous_1)
FNDA:0,(anonymous_2)
FNDA:1,(anonymous_3)
FNDA:0,(anonymous_4)
FNDA:0,(anonymous_5)
DA:6,3
DA:7,1
DA:11,1
DA:13,0
DA:19,1
DA:21,0
DA:23,0
LF:7
LH:4
BRDA:13,0,0,0
BRDA:13,0,1,0
BRF:2
BRH:0
end_of_record
TN:
SF:/home/mariam/pomodoro/src/components/screens/Focus/index.js
FNF:0
FNH:0
LF:0
LH:0
BRF:0
BRH:0
end_of_record
TN:
SF:/home/mariam/pomodoro/src/components/screens/Tasks/Modal.jsx
FN:6,(anonymous_0)
FN:11,(anonymous_1)
FN:17,(anonymous_2)
FN:35,(anonymous_3)
FN:38,(anonymous_4)
FN:43,(anonymous_5)
FNF:6
FNH:6
FNDA:4,(anonymous_0)
FNDA:3,(anonymous_1)
FNDA:2,(anonymous_2)
FNDA:1,(anonymous_3)
FNDA:1,(anonymous_4)
FNDA:12,(anonymous_5)
DA:7,4
DA:8,4
DA:12,3
DA:13,3
DA:14,3
DA:18,2
DA:23,1
DA:24,1
DA:27,1
DA:28,1
DA:29,1
DA:31,1
DA:32,1
DA:36,1
DA:37,1
DA:38,1
DA:39,1
DA:44,12
DA:45,12
DA:46,12
LF:20
LH:20
BRDA:18,0,0,1
BRDA:18,0,1,1
BRDA:19,1,0,2
BRDA:19,1,1,1
BRDA:19,1,2,1
BRF:5
BRH:5
end_of_record
TN:
SF:/home/mariam/pomodoro/src/components/screens/Tasks/Tasks.jsx
FN:12,(anonymous_0)
FN:16,(anonymous_1)
FN:22,(anonymous_2)
FN:28,(anonymous_3)
FN:38,(anonymous_4)
FN:53,(anonymous_5)
FNF:6
FNH:6
FNDA:6,(anonymous_0)
FNDA:7,(anonymous_1)
FNDA:1,(anonymous_2)
FNDA:1,(anonymous_3)
FNDA:2,(anonymous_4)
FNDA:1,(anonymous_5)
DA:13,6
DA:14,6
DA:17,7
DA:22,1
DA:28,1
DA:39,2
DA:54,1
LF:7
LH:7
BRF:0
BRH:0
end_of_record
TN:
SF:/home/mariam/pomodoro/src/components/screens/Tasks/index.js
FNF:0
FNH:0
LF:0
LH:0
BRF:0
BRH:0
end_of_record
TN:
SF:/home/mariam/pomodoro/src/logic/GeneralState/GeneralState.js
FN:4,set
FN:9,get
FN:15,getIndex
FN:21,getAll
FN:32,removeItem
FN:42,addAtBeginning
FN:47,addAtEnd
FN:52,updateItem
FN:62,reOrder
FN:73,log
FN:95,logTask
FN:104,logCycle
FN:113,getChartData
FNF:13
FNH:13
FNDA:45,set
FNDA:90,get
FNDA:13,getIndex
FNDA:16,getAll
FNDA:7,removeItem
FNDA:3,addAtBeginning
FNDA:2,addAtEnd
FNDA:4,updateItem
FNDA:4,reOrder
FNDA:11,log
FNDA:2,logTask
FNDA:3,logCycle
FNDA:3,getChartData
DA:5,45
DA:6,45
DA:10,90
DA:16,13
DA:17,13
DA:18,13
DA:22,16
DA:23,13
DA:24,13
DA:26,13
DA:27,1
DA:29,13
DA:33,7
DA:34,7
DA:35,7
DA:36,6
DA:37,6
DA:38,6
DA:43,3
DA:44,3
DA:48,2
DA:49,2
DA:53,4
DA:55,4
DA:56,3
DA:57,3
DA:58,3
DA:63,4
DA:64,2
DA:65,2
DA:66,2
DA:67,2
DA:68,2
DA:70,2
DA:74,11
DA:75,9
DA:76,3
DA:77,3
DA:79,9
DA:80,9
DA:81,9
DA:82,1
DA:83,1
DA:84,2
DA:85,2
DA:86,2
DA:87,2
DA:88,2
DA:90,1
DA:92,8
DA:96,2
DA:97,2
DA:98,2
DA:99,2
DA:101,2
DA:105,3
DA:106,1
DA:107,1
DA:108,1
DA:110,1
DA:114,3
DA:115,3
LF:62
LH:62
BRDA:10,0,0,69
BRDA:10,0,1,16
BRDA:26,1,0,1
BRDA:26,1,1,12
BRDA:35,2,0,6
BRDA:35,2,1,1
BRDA:44,3,0,3
BRDA:44,3,1,0
BRDA:49,4,0,2
BRDA:49,4,1,0
BRDA:55,5,0,3
BRDA:55,5,1,1
BRDA:63,6,0,2
BRDA:63,6,1,2
BRDA:63,7,0,4
BRDA:63,7,1,3
BRDA:75,8,0,3
BRDA:75,8,1,6
BRDA:75,9,0,9
BRDA:75,9,1,9
BRDA:80,10,0,1
BRDA:80,10,1,8
BRDA:81,11,0,1
BRDA:81,11,1,8
BRF:24
BRH:22
end_of_record
TN:
SF:/home/mariam/pomodoro/src/logic/GeneralState/index.js
FNF:0
FNH:0
LF:0
LH:0
BRF:0
BRH:0
end_of_record
TN:
SF:/home/mariam/pomodoro/src/logic/TasksContext/TasksContext.jsx
FN:7,(anonymous_0)
FN:12,(anonymous_1)
FN:14,(anonymous_2)
FN:19,(anonymous_3)
FN:39,(anonymous_4)
FN:44,(anonymous_5)
FN:45,(anonymous_6)
FN:52,(anonymous_7)
FN:55,(anonymous_8)
FN:60,(anonymous_9)
FN:61,(anonymous_10)
FN:70,(anonymous_11)
FN:72,(anonymous_12)
FN:73,(anonymous_13)
FN:74,(anonymous_14)
FN:80,(anonymous_15)
FN:96,(anonymous_16)
FNF:17
FNH:17
FNDA:10,(anonymous_0)
FNDA:14,(anonymous_1)
FNDA:11,(anonymous_2)
FNDA:1,(anonymous_3)
FNDA:1,(anonymous_4)
FNDA:1,(anonymous_5)
FNDA:1,(anonymous_6)
FNDA:1,(anonymous_7)
FNDA:2,(anonymous_8)
FNDA:1,(anonymous_9)
FNDA:1,(anonymous_10)
FNDA:1,(anonymous_11)
FNDA:1,(anonymous_12)
FNDA:1,(anonymous_13)
FNDA:1,(anonymous_14)
FNDA:1,(anonymous_15)
FNDA:22,(anonymous_16)
DA:4,5
DA:8,10
DA:9,7
DA:13,14
DA:14,11
DA:20,1
DA:21,1
DA:31,1
DA:36,1
DA:40,1
DA:42,1
DA:43,1
DA:44,1
DA:45,1
DA:48,1
DA:49,1
DA:53,1
DA:54,1
DA:56,2
DA:59,1
DA:60,1
DA:61,1
DA:66,1
DA:67,1
DA:71,1
DA:72,1
DA:73,1
DA:74,1
DA:76,1
DA:77,1
DA:81,1
DA:82,1
DA:97,22
LF:33
LH:33
BRDA:9,0,0,7
BRDA:9,0,1,5
BRDA:54,1,0,1
BRDA:54,1,1,1
BRF:4
BRH:4
end_of_record
TN:
SF:/home/mariam/pomodoro/src/logic/TasksContext/index.js
FNF:0
FNH:0
LF:0
LH:0
BRF:0
BRH:0
end_of_record
TN:
SF:/home/mariam/pomodoro/src/logic/TimerContext/TimerContext.jsx
FN:10,(anonymous_0)
FN:25,(anonymous_1)
FN:26,(anonymous_2)
FN:34,(anonymous_3)
FN:36,(anonymous_4)
FN:39,(anonymous_5)
FN:46,(anonymous_6)
FN:60,(anonymous_7)
FNF:8
FNH:8
FNDA:3,(anonymous_0)
FNDA:2,(anonymous_1)
FNDA:2,(anonymous_2)
FNDA:2,(anonymous_3)
FNDA:2,(anonymous_4)
FNDA:2,(anonymous_5)
FNDA:1,(anonymous_6)
FNDA:15,(anonymous_7)
DA:4,4
DA:5,4
DA:11,3
DA:12,3
DA:13,2
DA:14,2
DA:15,1
DA:18,1
DA:20,1
DA:26,2
DA:30,2
DA:31,2
DA:35,2
DA:36,2
DA:40,2
DA:41,2
DA:47,1
DA:48,1
DA:61,15
LF:19
LH:19
BRDA:12,0,0,2
BRDA:12,0,1,1
BRDA:14,1,0,1
BRDA:14,1,1,1
BRF:4
BRH:4
end_of_record
TN:
SF:/home/mariam/pomodoro/src/logic/TimerContext/index.js
FNF:0
FNH:0
LF:0
LH:0
BRF:0
BRH:0
end_of_record
